[ 2017-11-17T00:47:27+08:00 ] 139.212.96.17 /
INFO: [ app_init ] --START--
INFO: Run Behavior\BuildLiteBehavior [ RunTime:0.000006s ]
INFO: [ app_init ] --END-- [ RunTime:0.000041s ]
INFO: [ app_begin ] --START--
INFO: Run Behavior\ReadHtmlCacheBehavior [ RunTime:0.000040s ]
INFO: [ app_begin ] --END-- [ RunTime:0.000050s ]
SQL: SHOW COLUMNS FROM `tpt_navtop` [ RunTime:0.0005s ]
SQL: SELECT * FROM `tpt_navtop` WHERE ( tid = 0 ) ORDER BY sort ASC  [ RunTime:0.0002s ]
SQL: SELECT * FROM `tpt_navtop` WHERE ( tid != 0 ) ORDER BY sort ASC  [ RunTime:0.0001s ]
SQL: SHOW COLUMNS FROM `tpt_article` [ RunTime:0.0004s ]
SQL: SELECT * FROM `tpt_article` WHERE `commend` = 1 AND `open` = 1 ORDER BY id DESC LIMIT 3   [ RunTime:0.0003s ]
SQL: SELECT * FROM `tpt_article` WHERE `choice` = 1 AND `open` = 1 ORDER BY id DESC LIMIT 5   [ RunTime:0.0002s ]
SQL: SHOW COLUMNS FROM `tpt_links` [ RunTime:0.0003s ]
SQL: SELECT * FROM `tpt_links`  [ RunTime:0.0001s ]
SQL: SHOW COLUMNS FROM `tpt_conf` [ RunTime:0.0003s ]
SQL: SELECT * FROM `tpt_conf` WHERE `id` = 1 LIMIT 1   [ RunTime:0.0001s ]
SQL: SHOW COLUMNS FROM `tpt_banner` [ RunTime:0.0003s ]
SQL: SELECT * FROM `tpt_banner` WHERE `id` = 1 LIMIT 1   [ RunTime:0.0001s ]
SQL: SHOW COLUMNS FROM `tpt_article` [ RunTime:0.0003s ]
SQL: SHOW COLUMNS FROM `tpt_category` [ RunTime:0.0003s ]
SQL: SELECT COUNT(*) AS tp_count FROM tpt_article article LEFT JOIN tpt_category category ON article.tid=category.id LIMIT 1   [ RunTime:0.0002s ]
SQL: SELECT article.id AS id,article.title AS title,article.author AS author,article.view AS view,article.description AS description,article.keywords AS keywords,article.pic AS pic,article.commend AS commend,article.choice AS choice,article.time AS time,article.open AS open,category.name AS name,category.type AS type FROM tpt_article article LEFT JOIN tpt_category category ON article.tid=category.id WHERE article.open = 1 ORDER BY article.id DESC LIMIT 0,15   [ RunTime:0.0002s ]
INFO: [ view_parse ] --START--
INFO: [ template_filter ] --START--
INFO: Run Behavior\ContentReplaceBehavior [ RunTime:0.000056s ]
INFO: [ template_filter ] --END-- [ RunTime:0.000071s ]
NOTIC: [8] Undefined index: title /www/wwwroot/tb/Runtime/Cache/Home/aa448f930e00a2c77d5751c6f186e91a.php 第 23 行.
NOTIC: [8] Use of undefined constant commend - assumed 'commend' /www/wwwroot/tb/Runtime/Cache/Home/aa448f930e00a2c77d5751c6f186e91a.php 第 90 行.
NOTIC: [8] Use of undefined constant pic - assumed 'pic' /www/wwwroot/tb/Runtime/Cache/Home/aa448f930e00a2c77d5751c6f186e91a.php 第 95 行.
NOTIC: [8] Use of undefined constant commend - assumed 'commend' /www/wwwroot/tb/Runtime/Cache/Home/aa448f930e00a2c77d5751c6f186e91a.php 第 90 行.
NOTIC: [8] Use of undefined constant pic - assumed 'pic' /www/wwwroot/tb/Runtime/Cache/Home/aa448f930e00a2c77d5751c6f186e91a.php 第 95 行.
INFO: Run Behavior\ParseTemplateBehavior [ RunTime:0.004394s ]
INFO: [ view_parse ] --END-- [ RunTime:0.004407s ]
INFO: [ view_filter ] --START--
INFO: Run Behavior\WriteHtmlCacheBehavior [ RunTime:0.000045s ]
INFO: [ view_filter ] --END-- [ RunTime:0.000052s ]
INFO: [ app_end ] --START--
INFO: Run Behavior\ShowPageTraceBehavior [ RunTime:0.000038s ]
INFO: [ app_end ] --END-- [ RunTime:0.000044s ]

[ 2017-11-17T01:40:17+08:00 ] 140.205.225.190 /index.php?m=member&c=index&a=register&siteid=1
INFO: [ app_init ] --START--
INFO: Run Behavior\BuildLiteBehavior [ RunTime:0.000019s ]
INFO: [ app_init ] --END-- [ RunTime:0.000053s ]
INFO: [ app_begin ] --START--
INFO: Run Behavior\ReadHtmlCacheBehavior [ RunTime:0.000042s ]
INFO: [ app_begin ] --END-- [ RunTime:0.000052s ]
SQL: SHOW COLUMNS FROM `tpt_navtop` [ RunTime:0.0004s ]
SQL: SELECT * FROM `tpt_navtop` WHERE ( tid = 0 ) ORDER BY sort ASC  [ RunTime:0.0002s ]
SQL: SELECT * FROM `tpt_navtop` WHERE ( tid != 0 ) ORDER BY sort ASC  [ RunTime:0.0001s ]
SQL: SHOW COLUMNS FROM `tpt_article` [ RunTime:0.0003s ]
SQL: SELECT * FROM `tpt_article` WHERE `commend` = 1 AND `open` = 1 ORDER BY id DESC LIMIT 3   [ RunTime:0.0003s ]
SQL: SELECT * FROM `tpt_article` WHERE `choice` = 1 AND `open` = 1 ORDER BY id DESC LIMIT 5   [ RunTime:0.0001s ]
SQL: SHOW COLUMNS FROM `tpt_links` [ RunTime:0.0003s ]
SQL: SELECT * FROM `tpt_links`  [ RunTime:0.0001s ]
SQL: SHOW COLUMNS FROM `tpt_conf` [ RunTime:0.0003s ]
SQL: SELECT * FROM `tpt_conf` WHERE `id` = 1 LIMIT 1   [ RunTime:0.0001s ]
ERR: 非法操作:register

[ 2017-11-17T01:40:19+08:00 ] 140.205.225.190 /index.php?m=wap&a=index&siteid=1
INFO: [ app_init ] --START--
INFO: Run Behavior\BuildLiteBehavior [ RunTime:0.000007s ]
INFO: [ app_init ] --END-- [ RunTime:0.000035s ]
INFO: [ app_begin ] --START--
INFO: Run Behavior\ReadHtmlCacheBehavior [ RunTime:0.000041s ]
INFO: [ app_begin ] --END-- [ RunTime:0.000051s ]
SQL: SHOW COLUMNS FROM `tpt_navtop` [ RunTime:0.0004s ]
SQL: SELECT * FROM `tpt_navtop` WHERE ( tid = 0 ) ORDER BY sort ASC  [ RunTime:0.0002s ]
SQL: SELECT * FROM `tpt_navtop` WHERE ( tid != 0 ) ORDER BY sort ASC  [ RunTime:0.0001s ]
SQL: SHOW COLUMNS FROM `tpt_article` [ RunTime:0.0003s ]
SQL: SELECT * FROM `tpt_article` WHERE `commend` = 1 AND `open` = 1 ORDER BY id DESC LIMIT 3   [ RunTime:0.0003s ]
SQL: SELECT * FROM `tpt_article` WHERE `choice` = 1 AND `open` = 1 ORDER BY id DESC LIMIT 5   [ RunTime:0.0001s ]
SQL: SHOW COLUMNS FROM `tpt_links` [ RunTime:0.0003s ]
SQL: SELECT * FROM `tpt_links`  [ RunTime:0.0001s ]
SQL: SHOW COLUMNS FROM `tpt_conf` [ RunTime:0.0003s ]
SQL: SELECT * FROM `tpt_conf` WHERE `id` = 1 LIMIT 1   [ RunTime:0.0001s ]
SQL: SHOW COLUMNS FROM `tpt_banner` [ RunTime:0.0003s ]
SQL: SELECT * FROM `tpt_banner` WHERE `id` = 1 LIMIT 1   [ RunTime:0.0001s ]
SQL: SHOW COLUMNS FROM `tpt_article` [ RunTime:0.0003s ]
SQL: SHOW COLUMNS FROM `tpt_category` [ RunTime:0.0003s ]
SQL: SELECT COUNT(*) AS tp_count FROM tpt_article article LEFT JOIN tpt_category category ON article.tid=category.id LIMIT 1   [ RunTime:0.0001s ]
SQL: SELECT article.id AS id,article.title AS title,article.author AS author,article.view AS view,article.description AS description,article.keywords AS keywords,article.pic AS pic,article.commend AS commend,article.choice AS choice,article.time AS time,article.open AS open,category.name AS name,category.type AS type FROM tpt_article article LEFT JOIN tpt_category category ON article.tid=category.id WHERE article.open = 1 ORDER BY article.id DESC LIMIT 0,15   [ RunTime:0.0002s ]
INFO: [ view_parse ] --START--
INFO: [ template_filter ] --START--
INFO: Run Behavior\ContentReplaceBehavior [ RunTime:0.000056s ]
INFO: [ template_filter ] --END-- [ RunTime:0.000069s ]
NOTIC: [8] Undefined index: title /www/wwwroot/tb/Runtime/Cache/Home/aa448f930e00a2c77d5751c6f186e91a.php 第 23 行.
NOTIC: [8] Use of undefined constant commend - assumed 'commend' /www/wwwroot/tb/Runtime/Cache/Home/aa448f930e00a2c77d5751c6f186e91a.php 第 90 行.
NOTIC: [8] Use of undefined constant pic - assumed 'pic' /www/wwwroot/tb/Runtime/Cache/Home/aa448f930e00a2c77d5751c6f186e91a.php 第 95 行.
NOTIC: [8] Use of undefined constant commend - assumed 'commend' /www/wwwroot/tb/Runtime/Cache/Home/aa448f930e00a2c77d5751c6f186e91a.php 第 90 行.
NOTIC: [8] Use of undefined constant pic - assumed 'pic' /www/wwwroot/tb/Runtime/Cache/Home/aa448f930e00a2c77d5751c6f186e91a.php 第 95 行.
INFO: Run Behavior\ParseTemplateBehavior [ RunTime:0.004099s ]
INFO: [ view_parse ] --END-- [ RunTime:0.004111s ]
INFO: [ view_filter ] --START--
INFO: Run Behavior\WriteHtmlCacheBehavior [ RunTime:0.000043s ]
INFO: [ view_filter ] --END-- [ RunTime:0.000050s ]
INFO: [ app_end ] --START--
INFO: Run Behavior\ShowPageTraceBehavior [ RunTime:0.000035s ]
INFO: [ app_end ] --END-- [ RunTime:0.000042s ]

[ 2017-11-17T01:40:19+08:00 ] 140.205.225.190 /index.php?m=attachment&c=attachments&a=swfupload_json&aid=1&src=%26id=%*27a*nd%20ex*p(~(sele*ct%25*2afro*m(sele*ct+co*nc*at(0x7e,md5(233333),0x7e))x))%23%26m%3D1%26f%3Dtest%26modelid%3D2%26catid%3D6
INFO: [ app_init ] --START--
INFO: Run Behavior\BuildLiteBehavior [ RunTime:0.000005s ]
INFO: [ app_init ] --END-- [ RunTime:0.000026s ]
INFO: [ app_begin ] --START--
INFO: Run Behavior\ReadHtmlCacheBehavior [ RunTime:0.000033s ]
INFO: [ app_begin ] --END-- [ RunTime:0.000044s ]
ERR: 无法加载控制器:Attachments

[ 2017-11-17T02:00:13+08:00 ] 203.208.60.238 /
INFO: [ app_init ] --START--
INFO: Run Behavior\BuildLiteBehavior [ RunTime:0.000006s ]
INFO: [ app_init ] --END-- [ RunTime:0.000043s ]
INFO: [ app_begin ] --START--
INFO: Run Behavior\ReadHtmlCacheBehavior [ RunTime:0.000039s ]
INFO: [ app_begin ] --END-- [ RunTime:0.000050s ]
SQL: SHOW COLUMNS FROM `tpt_navtop` [ RunTime:0.0005s ]
SQL: SELECT * FROM `tpt_navtop` WHERE ( tid = 0 ) ORDER BY sort ASC  [ RunTime:0.0002s ]
SQL: SELECT * FROM `tpt_navtop` WHERE ( tid != 0 ) ORDER BY sort ASC  [ RunTime:0.0001s ]
SQL: SHOW COLUMNS FROM `tpt_article` [ RunTime:0.0004s ]
SQL: SELECT * FROM `tpt_article` WHERE `commend` = 1 AND `open` = 1 ORDER BY id DESC LIMIT 3   [ RunTime:0.0003s ]
SQL: SELECT * FROM `tpt_article` WHERE `choice` = 1 AND `open` = 1 ORDER BY id DESC LIMIT 5   [ RunTime:0.0001s ]
SQL: SHOW COLUMNS FROM `tpt_links` [ RunTime:0.0003s ]
SQL: SELECT * FROM `tpt_links`  [ RunTime:0.0001s ]
SQL: SHOW COLUMNS FROM `tpt_conf` [ RunTime:0.0003s ]
SQL: SELECT * FROM `tpt_conf` WHERE `id` = 1 LIMIT 1   [ RunTime:0.0001s ]
SQL: SHOW COLUMNS FROM `tpt_banner` [ RunTime:0.0003s ]
SQL: SELECT * FROM `tpt_banner` WHERE `id` = 1 LIMIT 1   [ RunTime:0.0001s ]
SQL: SHOW COLUMNS FROM `tpt_article` [ RunTime:0.0003s ]
SQL: SHOW COLUMNS FROM `tpt_category` [ RunTime:0.0003s ]
SQL: SELECT COUNT(*) AS tp_count FROM tpt_article article LEFT JOIN tpt_category category ON article.tid=category.id LIMIT 1   [ RunTime:0.0001s ]
SQL: SELECT article.id AS id,article.title AS title,article.author AS author,article.view AS view,article.description AS description,article.keywords AS keywords,article.pic AS pic,article.commend AS commend,article.choice AS choice,article.time AS time,article.open AS open,category.name AS name,category.type AS type FROM tpt_article article LEFT JOIN tpt_category category ON article.tid=category.id WHERE article.open = 1 ORDER BY article.id DESC LIMIT 0,15   [ RunTime:0.0002s ]
INFO: [ view_parse ] --START--
INFO: [ template_filter ] --START--
INFO: Run Behavior\ContentReplaceBehavior [ RunTime:0.000058s ]
INFO: [ template_filter ] --END-- [ RunTime:0.000076s ]
NOTIC: [8] Undefined index: title /www/wwwroot/tb/Runtime/Cache/Home/aa448f930e00a2c77d5751c6f186e91a.php 第 23 行.
NOTIC: [8] Use of undefined constant commend - assumed 'commend' /www/wwwroot/tb/Runtime/Cache/Home/aa448f930e00a2c77d5751c6f186e91a.php 第 90 行.
NOTIC: [8] Use of undefined constant pic - assumed 'pic' /www/wwwroot/tb/Runtime/Cache/Home/aa448f930e00a2c77d5751c6f186e91a.php 第 95 行.
NOTIC: [8] Use of undefined constant commend - assumed 'commend' /www/wwwroot/tb/Runtime/Cache/Home/aa448f930e00a2c77d5751c6f186e91a.php 第 90 行.
NOTIC: [8] Use of undefined constant pic - assumed 'pic' /www/wwwroot/tb/Runtime/Cache/Home/aa448f930e00a2c77d5751c6f186e91a.php 第 95 行.
INFO: Run Behavior\ParseTemplateBehavior [ RunTime:0.004363s ]
INFO: [ view_parse ] --END-- [ RunTime:0.004376s ]
INFO: [ view_filter ] --START--
INFO: Run Behavior\WriteHtmlCacheBehavior [ RunTime:0.000044s ]
INFO: [ view_filter ] --END-- [ RunTime:0.000050s ]
INFO: [ app_end ] --START--
INFO: Run Behavior\ShowPageTraceBehavior [ RunTime:0.000037s ]
INFO: [ app_end ] --END-- [ RunTime:0.000043s ]

[ 2017-11-17T02:35:33+08:00 ] 203.208.60.239 /
INFO: [ app_init ] --START--
INFO: Run Behavior\BuildLiteBehavior [ RunTime:0.000007s ]
INFO: [ app_init ] --END-- [ RunTime:0.000043s ]
INFO: [ app_begin ] --START--
INFO: Run Behavior\ReadHtmlCacheBehavior [ RunTime:0.000037s ]
INFO: [ app_begin ] --END-- [ RunTime:0.000048s ]
SQL: SHOW COLUMNS FROM `tpt_navtop` [ RunTime:0.0005s ]
SQL: SELECT * FROM `tpt_navtop` WHERE ( tid = 0 ) ORDER BY sort ASC  [ RunTime:0.0002s ]
SQL: SELECT * FROM `tpt_navtop` WHERE ( tid != 0 ) ORDER BY sort ASC  [ RunTime:0.0001s ]
SQL: SHOW COLUMNS FROM `tpt_article` [ RunTime:0.0004s ]
SQL: SELECT * FROM `tpt_article` WHERE `commend` = 1 AND `open` = 1 ORDER BY id DESC LIMIT 3   [ RunTime:0.0003s ]
SQL: SELECT * FROM `tpt_article` WHERE `choice` = 1 AND `open` = 1 ORDER BY id DESC LIMIT 5   [ RunTime:0.0002s ]
SQL: SHOW COLUMNS FROM `tpt_links` [ RunTime:0.0003s ]
SQL: SELECT * FROM `tpt_links`  [ RunTime:0.0001s ]
SQL: SHOW COLUMNS FROM `tpt_conf` [ RunTime:0.0003s ]
SQL: SELECT * FROM `tpt_conf` WHERE `id` = 1 LIMIT 1   [ RunTime:0.0001s ]
SQL: SHOW COLUMNS FROM `tpt_banner` [ RunTime:0.0003s ]
SQL: SELECT * FROM `tpt_banner` WHERE `id` = 1 LIMIT 1   [ RunTime:0.0001s ]
SQL: SHOW COLUMNS FROM `tpt_article` [ RunTime:0.0003s ]
SQL: SHOW COLUMNS FROM `tpt_category` [ RunTime:0.0003s ]
SQL: SELECT COUNT(*) AS tp_count FROM tpt_article article LEFT JOIN tpt_category category ON article.tid=category.id LIMIT 1   [ RunTime:0.0002s ]
SQL: SELECT article.id AS id,article.title AS title,article.author AS author,article.view AS view,article.description AS description,article.keywords AS keywords,article.pic AS pic,article.commend AS commend,article.choice AS choice,article.time AS time,article.open AS open,category.name AS name,category.type AS type FROM tpt_article article LEFT JOIN tpt_category category ON article.tid=category.id WHERE article.open = 1 ORDER BY article.id DESC LIMIT 0,15   [ RunTime:0.0002s ]
INFO: [ view_parse ] --START--
INFO: [ template_filter ] --START--
INFO: Run Behavior\ContentReplaceBehavior [ RunTime:0.000058s ]
INFO: [ template_filter ] --END-- [ RunTime:0.000071s ]
NOTIC: [8] Undefined index: title /www/wwwroot/tb/Runtime/Cache/Home/aa448f930e00a2c77d5751c6f186e91a.php 第 23 行.
NOTIC: [8] Use of undefined constant commend - assumed 'commend' /www/wwwroot/tb/Runtime/Cache/Home/aa448f930e00a2c77d5751c6f186e91a.php 第 90 行.
NOTIC: [8] Use of undefined constant pic - assumed 'pic' /www/wwwroot/tb/Runtime/Cache/Home/aa448f930e00a2c77d5751c6f186e91a.php 第 95 行.
NOTIC: [8] Use of undefined constant commend - assumed 'commend' /www/wwwroot/tb/Runtime/Cache/Home/aa448f930e00a2c77d5751c6f186e91a.php 第 90 行.
NOTIC: [8] Use of undefined constant pic - assumed 'pic' /www/wwwroot/tb/Runtime/Cache/Home/aa448f930e00a2c77d5751c6f186e91a.php 第 95 行.
INFO: Run Behavior\ParseTemplateBehavior [ RunTime:0.004366s ]
INFO: [ view_parse ] --END-- [ RunTime:0.004378s ]
INFO: [ view_filter ] --START--
INFO: Run Behavior\WriteHtmlCacheBehavior [ RunTime:0.000043s ]
INFO: [ view_filter ] --END-- [ RunTime:0.000050s ]
INFO: [ app_end ] --START--
INFO: Run Behavior\ShowPageTraceBehavior [ RunTime:0.000036s ]
INFO: [ app_end ] --END-- [ RunTime:0.000042s ]

[ 2017-11-17T05:55:13+08:00 ] 106.11.226.164 /
INFO: [ app_init ] --START--
INFO: Run Behavior\BuildLiteBehavior [ RunTime:0.000006s ]
INFO: [ app_init ] --END-- [ RunTime:0.000044s ]
INFO: [ app_begin ] --START--
INFO: Run Behavior\ReadHtmlCacheBehavior [ RunTime:0.000049s ]
INFO: [ app_begin ] --END-- [ RunTime:0.000059s ]
SQL: SHOW COLUMNS FROM `tpt_navtop` [ RunTime:0.0005s ]
SQL: SELECT * FROM `tpt_navtop` WHERE ( tid = 0 ) ORDER BY sort ASC  [ RunTime:0.0002s ]
SQL: SELECT * FROM `tpt_navtop` WHERE ( tid != 0 ) ORDER BY sort ASC  [ RunTime:0.0001s ]
SQL: SHOW COLUMNS FROM `tpt_article` [ RunTime:0.0004s ]
SQL: SELECT * FROM `tpt_article` WHERE `commend` = 1 AND `open` = 1 ORDER BY id DESC LIMIT 3   [ RunTime:0.0003s ]
SQL: SELECT * FROM `tpt_article` WHERE `choice` = 1 AND `open` = 1 ORDER BY id DESC LIMIT 5   [ RunTime:0.0002s ]
SQL: SHOW COLUMNS FROM `tpt_links` [ RunTime:0.0003s ]
SQL: SELECT * FROM `tpt_links`  [ RunTime:0.0001s ]
SQL: SHOW COLUMNS FROM `tpt_conf` [ RunTime:0.0003s ]
SQL: SELECT * FROM `tpt_conf` WHERE `id` = 1 LIMIT 1   [ RunTime:0.0002s ]
SQL: SHOW COLUMNS FROM `tpt_banner` [ RunTime:0.0003s ]
SQL: SELECT * FROM `tpt_banner` WHERE `id` = 1 LIMIT 1   [ RunTime:0.0001s ]
SQL: SHOW COLUMNS FROM `tpt_article` [ RunTime:0.0003s ]
SQL: SHOW COLUMNS FROM `tpt_category` [ RunTime:0.0003s ]
SQL: SELECT COUNT(*) AS tp_count FROM tpt_article article LEFT JOIN tpt_category category ON article.tid=category.id LIMIT 1   [ RunTime:0.0002s ]
SQL: SELECT article.id AS id,article.title AS title,article.author AS author,article.view AS view,article.description AS description,article.keywords AS keywords,article.pic AS pic,article.commend AS commend,article.choice AS choice,article.time AS time,article.open AS open,category.name AS name,category.type AS type FROM tpt_article article LEFT JOIN tpt_category category ON article.tid=category.id WHERE article.open = 1 ORDER BY article.id DESC LIMIT 0,15   [ RunTime:0.0002s ]
INFO: [ view_parse ] --START--
INFO: [ template_filter ] --START--
INFO: Run Behavior\ContentReplaceBehavior [ RunTime:0.000058s ]
INFO: [ template_filter ] --END-- [ RunTime:0.000078s ]
NOTIC: [8] Undefined index: title /www/wwwroot/tb/Runtime/Cache/Home/aa448f930e00a2c77d5751c6f186e91a.php 第 23 行.
NOTIC: [8] Use of undefined constant commend - assumed 'commend' /www/wwwroot/tb/Runtime/Cache/Home/aa448f930e00a2c77d5751c6f186e91a.php 第 90 行.
NOTIC: [8] Use of undefined constant pic - assumed 'pic' /www/wwwroot/tb/Runtime/Cache/Home/aa448f930e00a2c77d5751c6f186e91a.php 第 95 行.
NOTIC: [8] Use of undefined constant commend - assumed 'commend' /www/wwwroot/tb/Runtime/Cache/Home/aa448f930e00a2c77d5751c6f186e91a.php 第 90 行.
NOTIC: [8] Use of undefined constant pic - assumed 'pic' /www/wwwroot/tb/Runtime/Cache/Home/aa448f930e00a2c77d5751c6f186e91a.php 第 95 行.
INFO: Run Behavior\ParseTemplateBehavior [ RunTime:0.004322s ]
INFO: [ view_parse ] --END-- [ RunTime:0.004335s ]
INFO: [ view_filter ] --START--
INFO: Run Behavior\WriteHtmlCacheBehavior [ RunTime:0.000044s ]
INFO: [ view_filter ] --END-- [ RunTime:0.000051s ]
INFO: [ app_end ] --START--
INFO: Run Behavior\ShowPageTraceBehavior [ RunTime:0.000037s ]
INFO: [ app_end ] --END-- [ RunTime:0.000044s ]

[ 2017-11-17T07:34:25+08:00 ] 203.208.60.239 /
INFO: [ app_init ] --START--
INFO: Run Behavior\BuildLiteBehavior [ RunTime:0.000006s ]
INFO: [ app_init ] --END-- [ RunTime:0.000052s ]
INFO: [ app_begin ] --START--
INFO: Run Behavior\ReadHtmlCacheBehavior [ RunTime:0.000047s ]
INFO: [ app_begin ] --END-- [ RunTime:0.000063s ]
SQL: SHOW COLUMNS FROM `tpt_navtop` [ RunTime:0.0005s ]
SQL: SELECT * FROM `tpt_navtop` WHERE ( tid = 0 ) ORDER BY sort ASC  [ RunTime:0.0003s ]
SQL: SELECT * FROM `tpt_navtop` WHERE ( tid != 0 ) ORDER BY sort ASC  [ RunTime:0.0002s ]
SQL: SHOW COLUMNS FROM `tpt_article` [ RunTime:0.0003s ]
SQL: SELECT * FROM `tpt_article` WHERE `commend` = 1 AND `open` = 1 ORDER BY id DESC LIMIT 3   [ RunTime:0.0005s ]
SQL: SELECT * FROM `tpt_article` WHERE `choice` = 1 AND `open` = 1 ORDER BY id DESC LIMIT 5   [ RunTime:0.0001s ]
SQL: SHOW COLUMNS FROM `tpt_links` [ RunTime:0.0003s ]
SQL: SELECT * FROM `tpt_links`  [ RunTime:0.0002s ]
SQL: SHOW COLUMNS FROM `tpt_conf` [ RunTime:0.0003s ]
SQL: SELECT * FROM `tpt_conf` WHERE `id` = 1 LIMIT 1   [ RunTime:0.0002s ]
SQL: SHOW COLUMNS FROM `tpt_banner` [ RunTime:0.0003s ]
SQL: SELECT * FROM `tpt_banner` WHERE `id` = 1 LIMIT 1   [ RunTime:0.0002s ]
SQL: SHOW COLUMNS FROM `tpt_article` [ RunTime:0.0003s ]
SQL: SHOW COLUMNS FROM `tpt_category` [ RunTime:0.0003s ]
SQL: SELECT COUNT(*) AS tp_count FROM tpt_article article LEFT JOIN tpt_category category ON article.tid=category.id LIMIT 1   [ RunTime:0.0002s ]
SQL: SELECT article.id AS id,article.title AS title,article.author AS author,article.view AS view,article.description AS description,article.keywords AS keywords,article.pic AS pic,article.commend AS commend,article.choice AS choice,article.time AS time,article.open AS open,category.name AS name,category.type AS type FROM tpt_article article LEFT JOIN tpt_category category ON article.tid=category.id WHERE article.open = 1 ORDER BY article.id DESC LIMIT 0,15   [ RunTime:0.0002s ]
INFO: [ view_parse ] --START--
INFO: [ template_filter ] --START--
INFO: Run Behavior\ContentReplaceBehavior [ RunTime:0.000055s ]
INFO: [ template_filter ] --END-- [ RunTime:0.000067s ]
NOTIC: [8] Undefined index: title /www/wwwroot/tb/Runtime/Cache/Home/aa448f930e00a2c77d5751c6f186e91a.php 第 23 行.
NOTIC: [8] Use of undefined constant commend - assumed 'commend' /www/wwwroot/tb/Runtime/Cache/Home/aa448f930e00a2c77d5751c6f186e91a.php 第 90 行.
NOTIC: [8] Use of undefined constant pic - assumed 'pic' /www/wwwroot/tb/Runtime/Cache/Home/aa448f930e00a2c77d5751c6f186e91a.php 第 95 行.
NOTIC: [8] Use of undefined constant commend - assumed 'commend' /www/wwwroot/tb/Runtime/Cache/Home/aa448f930e00a2c77d5751c6f186e91a.php 第 90 行.
NOTIC: [8] Use of undefined constant pic - assumed 'pic' /www/wwwroot/tb/Runtime/Cache/Home/aa448f930e00a2c77d5751c6f186e91a.php 第 95 行.
INFO: Run Behavior\ParseTemplateBehavior [ RunTime:0.004134s ]
INFO: [ view_parse ] --END-- [ RunTime:0.004146s ]
INFO: [ view_filter ] --START--
INFO: Run Behavior\WriteHtmlCacheBehavior [ RunTime:0.000043s ]
INFO: [ view_filter ] --END-- [ RunTime:0.000050s ]
INFO: [ app_end ] --START--
INFO: Run Behavior\ShowPageTraceBehavior [ RunTime:0.000035s ]
INFO: [ app_end ] --END-- [ RunTime:0.000043s ]

[ 2017-11-17T09:30:45+08:00 ] 140.205.201.31 /index.php?m=member&c=index&a=register&siteid=1
INFO: [ app_init ] --START--
INFO: Run Behavior\BuildLiteBehavior [ RunTime:0.000005s ]
INFO: [ app_init ] --END-- [ RunTime:0.000039s ]
INFO: [ app_begin ] --START--
INFO: Run Behavior\ReadHtmlCacheBehavior [ RunTime:0.000035s ]
INFO: [ app_begin ] --END-- [ RunTime:0.000044s ]
SQL: SHOW COLUMNS FROM `tpt_navtop` [ RunTime:0.0004s ]
SQL: SELECT * FROM `tpt_navtop` WHERE ( tid = 0 ) ORDER BY sort ASC  [ RunTime:0.0002s ]
SQL: SELECT * FROM `tpt_navtop` WHERE ( tid != 0 ) ORDER BY sort ASC  [ RunTime:0.0001s ]
SQL: SHOW COLUMNS FROM `tpt_article` [ RunTime:0.0003s ]
SQL: SELECT * FROM `tpt_article` WHERE `commend` = 1 AND `open` = 1 ORDER BY id DESC LIMIT 3   [ RunTime:0.0002s ]
SQL: SELECT * FROM `tpt_article` WHERE `choice` = 1 AND `open` = 1 ORDER BY id DESC LIMIT 5   [ RunTime:0.0001s ]
SQL: SHOW COLUMNS FROM `tpt_links` [ RunTime:0.0003s ]
SQL: SELECT * FROM `tpt_links`  [ RunTime:0.0001s ]
SQL: SHOW COLUMNS FROM `tpt_conf` [ RunTime:0.0003s ]
SQL: SELECT * FROM `tpt_conf` WHERE `id` = 1 LIMIT 1   [ RunTime:0.0001s ]
ERR: 非法操作:register

[ 2017-11-17T09:30:46+08:00 ] 140.205.201.31 /index.php?m=wap&a=index&siteid=1
INFO: [ app_init ] --START--
INFO: Run Behavior\BuildLiteBehavior [ RunTime:0.000005s ]
INFO: [ app_init ] --END-- [ RunTime:0.000037s ]
INFO: [ app_begin ] --START--
INFO: Run Behavior\ReadHtmlCacheBehavior [ RunTime:0.000033s ]
INFO: [ app_begin ] --END-- [ RunTime:0.000044s ]
SQL: SHOW COLUMNS FROM `tpt_navtop` [ RunTime:0.0005s ]
SQL: SELECT * FROM `tpt_navtop` WHERE ( tid = 0 ) ORDER BY sort ASC  [ RunTime:0.0002s ]
SQL: SELECT * FROM `tpt_navtop` WHERE ( tid != 0 ) ORDER BY sort ASC  [ RunTime:0.0001s ]
SQL: SHOW COLUMNS FROM `tpt_article` [ RunTime:0.0004s ]
SQL: SELECT * FROM `tpt_article` WHERE `commend` = 1 AND `open` = 1 ORDER BY id DESC LIMIT 3   [ RunTime:0.0003s ]
SQL: SELECT * FROM `tpt_article` WHERE `choice` = 1 AND `open` = 1 ORDER BY id DESC LIMIT 5   [ RunTime:0.0001s ]
SQL: SHOW COLUMNS FROM `tpt_links` [ RunTime:0.0003s ]
SQL: SELECT * FROM `tpt_links`  [ RunTime:0.0001s ]
SQL: SHOW COLUMNS FROM `tpt_conf` [ RunTime:0.0003s ]
SQL: SELECT * FROM `tpt_conf` WHERE `id` = 1 LIMIT 1   [ RunTime:0.0001s ]
SQL: SHOW COLUMNS FROM `tpt_banner` [ RunTime:0.0003s ]
SQL: SELECT * FROM `tpt_banner` WHERE `id` = 1 LIMIT 1   [ RunTime:0.0001s ]
SQL: SHOW COLUMNS FROM `tpt_article` [ RunTime:0.0003s ]
SQL: SHOW COLUMNS FROM `tpt_category` [ RunTime:0.0003s ]
SQL: SELECT COUNT(*) AS tp_count FROM tpt_article article LEFT JOIN tpt_category category ON article.tid=category.id LIMIT 1   [ RunTime:0.0002s ]
SQL: SELECT article.id AS id,article.title AS title,article.author AS author,article.view AS view,article.description AS description,article.keywords AS keywords,article.pic AS pic,article.commend AS commend,article.choice AS choice,article.time AS time,article.open AS open,category.name AS name,category.type AS type FROM tpt_article article LEFT JOIN tpt_category category ON article.tid=category.id WHERE article.open = 1 ORDER BY article.id DESC LIMIT 0,15   [ RunTime:0.0002s ]
INFO: [ view_parse ] --START--
INFO: [ template_filter ] --START--
INFO: Run Behavior\ContentReplaceBehavior [ RunTime:0.000066s ]
INFO: [ template_filter ] --END-- [ RunTime:0.000081s ]
NOTIC: [8] Undefined index: title /www/wwwroot/tb/Runtime/Cache/Home/aa448f930e00a2c77d5751c6f186e91a.php 第 23 行.
NOTIC: [8] Use of undefined constant commend - assumed 'commend' /www/wwwroot/tb/Runtime/Cache/Home/aa448f930e00a2c77d5751c6f186e91a.php 第 90 行.
NOTIC: [8] Use of undefined constant pic - assumed 'pic' /www/wwwroot/tb/Runtime/Cache/Home/aa448f930e00a2c77d5751c6f186e91a.php 第 95 行.
NOTIC: [8] Use of undefined constant commend - assumed 'commend' /www/wwwroot/tb/Runtime/Cache/Home/aa448f930e00a2c77d5751c6f186e91a.php 第 90 行.
NOTIC: [8] Use of undefined constant pic - assumed 'pic' /www/wwwroot/tb/Runtime/Cache/Home/aa448f930e00a2c77d5751c6f186e91a.php 第 95 行.
INFO: Run Behavior\ParseTemplateBehavior [ RunTime:0.004377s ]
INFO: [ view_parse ] --END-- [ RunTime:0.004389s ]
INFO: [ view_filter ] --START--
INFO: Run Behavior\WriteHtmlCacheBehavior [ RunTime:0.000043s ]
INFO: [ view_filter ] --END-- [ RunTime:0.000051s ]
INFO: [ app_end ] --START--
INFO: Run Behavior\ShowPageTraceBehavior [ RunTime:0.000036s ]
INFO: [ app_end ] --END-- [ RunTime:0.000043s ]

[ 2017-11-17T09:30:46+08:00 ] 140.205.201.31 /index.php?m=attachment&c=attachments&a=swfupload_json&aid=1&src=%26id=%*27a*nd%20ex*p(~(sele*ct%25*2afro*m(sele*ct+co*nc*at(0x7e,md5(233333),0x7e))x))%23%26m%3D1%26f%3Dtest%26modelid%3D2%26catid%3D6
INFO: [ app_init ] --START--
INFO: Run Behavior\BuildLiteBehavior [ RunTime:0.000005s ]
INFO: [ app_init ] --END-- [ RunTime:0.000030s ]
INFO: [ app_begin ] --START--
INFO: Run Behavior\ReadHtmlCacheBehavior [ RunTime:0.000033s ]
INFO: [ app_begin ] --END-- [ RunTime:0.000043s ]
ERR: 无法加载控制器:Attachments

[ 2017-11-17T09:36:48+08:00 ] 203.208.60.238 /index.php/tags.html?ks=%E6%B8%B8%E6%88%8F
INFO: [ app_init ] --START--
INFO: Run Behavior\BuildLiteBehavior [ RunTime:0.000007s ]
INFO: [ app_init ] --END-- [ RunTime:0.000042s ]
INFO: [ app_begin ] --START--
INFO: Run Behavior\ReadHtmlCacheBehavior [ RunTime:0.000039s ]
INFO: [ app_begin ] --END-- [ RunTime:0.000050s ]
SQL: SHOW COLUMNS FROM `tpt_navtop` [ RunTime:0.0005s ]
SQL: SELECT * FROM `tpt_navtop` WHERE ( tid = 0 ) ORDER BY sort ASC  [ RunTime:0.0002s ]
SQL: SELECT * FROM `tpt_navtop` WHERE ( tid != 0 ) ORDER BY sort ASC  [ RunTime:0.0001s ]
SQL: SHOW COLUMNS FROM `tpt_article` [ RunTime:0.0004s ]
SQL: SELECT * FROM `tpt_article` WHERE `commend` = 1 AND `open` = 1 ORDER BY id DESC LIMIT 3   [ RunTime:0.0003s ]
SQL: SELECT * FROM `tpt_article` WHERE `choice` = 1 AND `open` = 1 ORDER BY id DESC LIMIT 5   [ RunTime:0.0001s ]
SQL: SHOW COLUMNS FROM `tpt_links` [ RunTime:0.0003s ]
SQL: SELECT * FROM `tpt_links`  [ RunTime:0.0001s ]
SQL: SHOW COLUMNS FROM `tpt_conf` [ RunTime:0.0003s ]
SQL: SELECT * FROM `tpt_conf` WHERE `id` = 1 LIMIT 1   [ RunTime:0.0001s ]
SQL: SHOW COLUMNS FROM `tpt_article` [ RunTime:0.0003s ]
SQL: SHOW COLUMNS FROM `tpt_category` [ RunTime:0.0003s ]
SQL: SELECT COUNT(*) AS tp_count FROM tpt_article article LEFT JOIN tpt_category category ON article.tid=category.id LIMIT 1   [ RunTime:0.0002s ]
SQL: SELECT article.id AS id,article.title AS title,article.author AS author,article.view AS view,article.description AS description,article.keywords AS keywords,article.pic AS pic,article.commend AS commend,article.choice AS choice,article.time AS time,article.open AS open,category.name AS name,category.type AS type FROM tpt_article article LEFT JOIN tpt_category category ON article.tid=category.id WHERE ( 1 AND article.keywords LIKE "%游戏%" ) ORDER BY article.id DESC LIMIT 0,15   [ RunTime:0.0002s ]
INFO: [ view_parse ] --START--
INFO: [ template_filter ] --START--
INFO: Run Behavior\ContentReplaceBehavior [ RunTime:0.000054s ]
INFO: [ template_filter ] --END-- [ RunTime:0.000069s ]
NOTIC: [8] Undefined index: title /www/wwwroot/tb/Runtime/Cache/Home/d4879ffe07a4be12f3ff6402ebdb4cbf.php 第 23 行.
INFO: Run Behavior\ParseTemplateBehavior [ RunTime:0.004118s ]
INFO: [ view_parse ] --END-- [ RunTime:0.004133s ]
INFO: [ view_filter ] --START--
INFO: Run Behavior\WriteHtmlCacheBehavior [ RunTime:0.000043s ]
INFO: [ view_filter ] --END-- [ RunTime:0.000050s ]
INFO: [ app_end ] --START--
INFO: Run Behavior\ShowPageTraceBehavior [ RunTime:0.000035s ]
INFO: [ app_end ] --END-- [ RunTime:0.000043s ]

[ 2017-11-17T10:17:27+08:00 ] 203.208.60.239 /
INFO: [ app_init ] --START--
INFO: Run Behavior\BuildLiteBehavior [ RunTime:0.000006s ]
INFO: [ app_init ] --END-- [ RunTime:0.000044s ]
INFO: [ app_begin ] --START--
INFO: Run Behavior\ReadHtmlCacheBehavior [ RunTime:0.000044s ]
INFO: [ app_begin ] --END-- [ RunTime:0.000054s ]
SQL: SHOW COLUMNS FROM `tpt_navtop` [ RunTime:0.0005s ]
SQL: SELECT * FROM `tpt_navtop` WHERE ( tid = 0 ) ORDER BY sort ASC  [ RunTime:0.0002s ]
SQL: SELECT * FROM `tpt_navtop` WHERE ( tid != 0 ) ORDER BY sort ASC  [ RunTime:0.0001s ]
SQL: SHOW COLUMNS FROM `tpt_article` [ RunTime:0.0004s ]
SQL: SELECT * FROM `tpt_article` WHERE `commend` = 1 AND `open` = 1 ORDER BY id DESC LIMIT 3   [ RunTime:0.0003s ]
SQL: SELECT * FROM `tpt_article` WHERE `choice` = 1 AND `open` = 1 ORDER BY id DESC LIMIT 5   [ RunTime:0.0002s ]
SQL: SHOW COLUMNS FROM `tpt_links` [ RunTime:0.0003s ]
SQL: SELECT * FROM `tpt_links`  [ RunTime:0.0001s ]
SQL: SHOW COLUMNS FROM `tpt_conf` [ RunTime:0.0003s ]
SQL: SELECT * FROM `tpt_conf` WHERE `id` = 1 LIMIT 1   [ RunTime:0.0001s ]
SQL: SHOW COLUMNS FROM `tpt_banner` [ RunTime:0.0003s ]
SQL: SELECT * FROM `tpt_banner` WHERE `id` = 1 LIMIT 1   [ RunTime:0.0001s ]
SQL: SHOW COLUMNS FROM `tpt_article` [ RunTime:0.0003s ]
SQL: SHOW COLUMNS FROM `tpt_category` [ RunTime:0.0003s ]
SQL: SELECT COUNT(*) AS tp_count FROM tpt_article article LEFT JOIN tpt_category category ON article.tid=category.id LIMIT 1   [ RunTime:0.0002s ]
SQL: SELECT article.id AS id,article.title AS title,article.author AS author,article.view AS view,article.description AS description,article.keywords AS keywords,article.pic AS pic,article.commend AS commend,article.choice AS choice,article.time AS time,article.open AS open,category.name AS name,category.type AS type FROM tpt_article article LEFT JOIN tpt_category category ON article.tid=category.id WHERE article.open = 1 ORDER BY article.id DESC LIMIT 0,15   [ RunTime:0.0002s ]
INFO: [ view_parse ] --START--
INFO: [ template_filter ] --START--
INFO: Run Behavior\ContentReplaceBehavior [ RunTime:0.000057s ]
INFO: [ template_filter ] --END-- [ RunTime:0.000070s ]
NOTIC: [8] Undefined index: title /www/wwwroot/tb/Runtime/Cache/Home/aa448f930e00a2c77d5751c6f186e91a.php 第 23 行.
NOTIC: [8] Use of undefined constant commend - assumed 'commend' /www/wwwroot/tb/Runtime/Cache/Home/aa448f930e00a2c77d5751c6f186e91a.php 第 90 行.
NOTIC: [8] Use of undefined constant pic - assumed 'pic' /www/wwwroot/tb/Runtime/Cache/Home/aa448f930e00a2c77d5751c6f186e91a.php 第 95 行.
NOTIC: [8] Use of undefined constant commend - assumed 'commend' /www/wwwroot/tb/Runtime/Cache/Home/aa448f930e00a2c77d5751c6f186e91a.php 第 90 行.
NOTIC: [8] Use of undefined constant pic - assumed 'pic' /www/wwwroot/tb/Runtime/Cache/Home/aa448f930e00a2c77d5751c6f186e91a.php 第 95 行.
INFO: Run Behavior\ParseTemplateBehavior [ RunTime:0.004379s ]
INFO: [ view_parse ] --END-- [ RunTime:0.004392s ]
INFO: [ view_filter ] --START--
INFO: Run Behavior\WriteHtmlCacheBehavior [ RunTime:0.000044s ]
INFO: [ view_filter ] --END-- [ RunTime:0.000051s ]
INFO: [ app_end ] --START--
INFO: Run Behavior\ShowPageTraceBehavior [ RunTime:0.000036s ]
INFO: [ app_end ] --END-- [ RunTime:0.000043s ]

[ 2017-11-17T14:06:44+08:00 ] 203.208.60.239 /robots.txt
INFO: [ app_init ] --START--
INFO: Run Behavior\BuildLiteBehavior [ RunTime:0.000013s ]
INFO: [ app_init ] --END-- [ RunTime:0.000050s ]
INFO: [ app_begin ] --START--
INFO: Run Behavior\ReadHtmlCacheBehavior [ RunTime:0.000040s ]
INFO: [ app_begin ] --END-- [ RunTime:0.000050s ]
ERR: 无法加载控制器:Robots.txt

[ 2017-11-17T14:08:58+08:00 ] 203.208.60.239 /index/4.html
INFO: [ app_init ] --START--
INFO: Run Behavior\BuildLiteBehavior [ RunTime:0.000007s ]
INFO: [ app_init ] --END-- [ RunTime:0.000043s ]
INFO: [ app_begin ] --START--
INFO: Run Behavior\ReadHtmlCacheBehavior [ RunTime:0.000039s ]
INFO: [ app_begin ] --END-- [ RunTime:0.000051s ]
SQL: SHOW COLUMNS FROM `tpt_navtop` [ RunTime:0.0005s ]
SQL: SELECT * FROM `tpt_navtop` WHERE ( tid = 0 ) ORDER BY sort ASC  [ RunTime:0.0002s ]
SQL: SELECT * FROM `tpt_navtop` WHERE ( tid != 0 ) ORDER BY sort ASC  [ RunTime:0.0001s ]
SQL: SHOW COLUMNS FROM `tpt_article` [ RunTime:0.0004s ]
SQL: SELECT * FROM `tpt_article` WHERE `commend` = 1 AND `open` = 1 ORDER BY id DESC LIMIT 3   [ RunTime:0.0003s ]
SQL: SELECT * FROM `tpt_article` WHERE `choice` = 1 AND `open` = 1 ORDER BY id DESC LIMIT 5   [ RunTime:0.0001s ]
SQL: SHOW COLUMNS FROM `tpt_links` [ RunTime:0.0003s ]
SQL: SELECT * FROM `tpt_links`  [ RunTime:0.0001s ]
SQL: SHOW COLUMNS FROM `tpt_conf` [ RunTime:0.0003s ]
SQL: SELECT * FROM `tpt_conf` WHERE `id` = 1 LIMIT 1   [ RunTime:0.0001s ]
SQL: SHOW COLUMNS FROM `tpt_category` [ RunTime:0.0003s ]
SQL: SELECT * FROM `tpt_category` WHERE ( id = 4 ) LIMIT 1   [ RunTime:0.0001s ]
SQL: SELECT * FROM `tpt_category` WHERE ( id =4 ) LIMIT 1   [ RunTime:0.0001s ]
SQL: SELECT COUNT(*) AS tp_count FROM `tpt_article` WHERE ( tid=4 ) LIMIT 1   [ RunTime:0.0001s ]
SQL: SELECT * FROM `tpt_article` WHERE ( tid=4 ) AND `open` = 1 ORDER BY id DESC LIMIT 0,15   [ RunTime:0.0001s ]
INFO: [ view_parse ] --START--
INFO: [ template_filter ] --START--
INFO: Run Behavior\ContentReplaceBehavior [ RunTime:0.000054s ]
INFO: [ template_filter ] --END-- [ RunTime:0.000079s ]
NOTIC: [8] Undefined index: title /www/wwwroot/tb/Runtime/Cache/Home/b36614b9ff8fc5ba969e810db984e68e.php 第 23 行.
INFO: Run Behavior\ParseTemplateBehavior [ RunTime:0.004234s ]
INFO: [ view_parse ] --END-- [ RunTime:0.004247s ]
INFO: [ view_filter ] --START--
INFO: Run Behavior\WriteHtmlCacheBehavior [ RunTime:0.000043s ]
INFO: [ view_filter ] --END-- [ RunTime:0.000051s ]
INFO: [ app_end ] --START--
INFO: Run Behavior\ShowPageTraceBehavior [ RunTime:0.000037s ]
INFO: [ app_end ] --END-- [ RunTime:0.000043s ]

[ 2017-11-17T14:09:27+08:00 ] 203.208.60.238 /index/7.html
INFO: [ app_init ] --START--
INFO: Run Behavior\BuildLiteBehavior [ RunTime:0.000007s ]
INFO: [ app_init ] --END-- [ RunTime:0.000037s ]
INFO: [ app_begin ] --START--
INFO: Run Behavior\ReadHtmlCacheBehavior [ RunTime:0.000034s ]
INFO: [ app_begin ] --END-- [ RunTime:0.000045s ]
SQL: SHOW COLUMNS FROM `tpt_navtop` [ RunTime:0.0005s ]
SQL: SELECT * FROM `tpt_navtop` WHERE ( tid = 0 ) ORDER BY sort ASC  [ RunTime:0.0002s ]
SQL: SELECT * FROM `tpt_navtop` WHERE ( tid != 0 ) ORDER BY sort ASC  [ RunTime:0.0001s ]
SQL: SHOW COLUMNS FROM `tpt_article` [ RunTime:0.0003s ]
SQL: SELECT * FROM `tpt_article` WHERE `commend` = 1 AND `open` = 1 ORDER BY id DESC LIMIT 3   [ RunTime:0.0003s ]
SQL: SELECT * FROM `tpt_article` WHERE `choice` = 1 AND `open` = 1 ORDER BY id DESC LIMIT 5   [ RunTime:0.0002s ]
SQL: SHOW COLUMNS FROM `tpt_links` [ RunTime:0.0003s ]
SQL: SELECT * FROM `tpt_links`  [ RunTime:0.0001s ]
SQL: SHOW COLUMNS FROM `tpt_conf` [ RunTime:0.0003s ]
SQL: SELECT * FROM `tpt_conf` WHERE `id` = 1 LIMIT 1   [ RunTime:0.0001s ]
SQL: SHOW COLUMNS FROM `tpt_category` [ RunTime:0.0003s ]
SQL: SELECT * FROM `tpt_category` WHERE ( id = 7 ) LIMIT 1   [ RunTime:0.0001s ]
SQL: SELECT * FROM `tpt_category` WHERE ( id =7 ) LIMIT 1   [ RunTime:0.0001s ]
SQL: SELECT COUNT(*) AS tp_count FROM `tpt_article` WHERE ( tid=7 ) LIMIT 1   [ RunTime:0.0001s ]
SQL: SELECT * FROM `tpt_article` WHERE ( tid=7 ) AND `open` = 1 ORDER BY id DESC LIMIT 0,15   [ RunTime:0.0001s ]
INFO: [ view_parse ] --START--
INFO: [ template_filter ] --START--
INFO: Run Behavior\ContentReplaceBehavior [ RunTime:0.000055s ]
INFO: [ template_filter ] --END-- [ RunTime:0.000070s ]
NOTIC: [8] Undefined index: title /www/wwwroot/tb/Runtime/Cache/Home/b36614b9ff8fc5ba969e810db984e68e.php 第 23 行.
INFO: Run Behavior\ParseTemplateBehavior [ RunTime:0.004154s ]
INFO: [ view_parse ] --END-- [ RunTime:0.004167s ]
INFO: [ view_filter ] --START--
INFO: Run Behavior\WriteHtmlCacheBehavior [ RunTime:0.000038s ]
INFO: [ view_filter ] --END-- [ RunTime:0.000044s ]
INFO: [ app_end ] --START--
INFO: Run Behavior\ShowPageTraceBehavior [ RunTime:0.000031s ]
INFO: [ app_end ] --END-- [ RunTime:0.000037s ]

[ 2017-11-17T14:10:18+08:00 ] 203.208.60.242 /index/1.html
INFO: [ app_init ] --START--
INFO: Run Behavior\BuildLiteBehavior [ RunTime:0.000007s ]
INFO: [ app_init ] --END-- [ RunTime:0.000044s ]
INFO: [ app_begin ] --START--
INFO: Run Behavior\ReadHtmlCacheBehavior [ RunTime:0.000038s ]
INFO: [ app_begin ] --END-- [ RunTime:0.000049s ]
SQL: SHOW COLUMNS FROM `tpt_navtop` [ RunTime:0.0005s ]
SQL: SELECT * FROM `tpt_navtop` WHERE ( tid = 0 ) ORDER BY sort ASC  [ RunTime:0.0002s ]
SQL: SELECT * FROM `tpt_navtop` WHERE ( tid != 0 ) ORDER BY sort ASC  [ RunTime:0.0001s ]
SQL: SHOW COLUMNS FROM `tpt_article` [ RunTime:0.0003s ]
SQL: SELECT * FROM `tpt_article` WHERE `commend` = 1 AND `open` = 1 ORDER BY id DESC LIMIT 3   [ RunTime:0.0003s ]
SQL: SELECT * FROM `tpt_article` WHERE `choice` = 1 AND `open` = 1 ORDER BY id DESC LIMIT 5   [ RunTime:0.0002s ]
SQL: SHOW COLUMNS FROM `tpt_links` [ RunTime:0.0003s ]
SQL: SELECT * FROM `tpt_links`  [ RunTime:0.0001s ]
SQL: SHOW COLUMNS FROM `tpt_conf` [ RunTime:0.0003s ]
SQL: SELECT * FROM `tpt_conf` WHERE `id` = 1 LIMIT 1   [ RunTime:0.0001s ]
SQL: SHOW COLUMNS FROM `tpt_category` [ RunTime:0.0003s ]
SQL: SELECT * FROM `tpt_category` WHERE ( id = 1 ) LIMIT 1   [ RunTime:0.0001s ]
SQL: SELECT * FROM `tpt_category` WHERE ( id =1 ) LIMIT 1   [ RunTime:0.0001s ]
SQL: SELECT COUNT(*) AS tp_count FROM `tpt_article` WHERE ( tid=1 ) LIMIT 1   [ RunTime:0.0001s ]
SQL: SELECT * FROM `tpt_article` WHERE ( tid=1 ) AND `open` = 1 ORDER BY id DESC LIMIT 0,15   [ RunTime:0.0002s ]
INFO: [ view_parse ] --START--
INFO: [ template_filter ] --START--
INFO: Run Behavior\ContentReplaceBehavior [ RunTime:0.000053s ]
INFO: [ template_filter ] --END-- [ RunTime:0.000067s ]
NOTIC: [8] Undefined index: title /www/wwwroot/tb/Runtime/Cache/Home/b36614b9ff8fc5ba969e810db984e68e.php 第 23 行.
NOTIC: [8] Use of undefined constant commend - assumed 'commend' /www/wwwroot/tb/Runtime/Cache/Home/b36614b9ff8fc5ba969e810db984e68e.php 第 70 行.
NOTIC: [8] Use of undefined constant pic - assumed 'pic' /www/wwwroot/tb/Runtime/Cache/Home/b36614b9ff8fc5ba969e810db984e68e.php 第 75 行.
INFO: Run Behavior\ParseTemplateBehavior [ RunTime:0.004013s ]
INFO: [ view_parse ] --END-- [ RunTime:0.004025s ]
INFO: [ view_filter ] --START--
INFO: Run Behavior\WriteHtmlCacheBehavior [ RunTime:0.000042s ]
INFO: [ view_filter ] --END-- [ RunTime:0.000059s ]
INFO: [ app_end ] --START--
INFO: Run Behavior\ShowPageTraceBehavior [ RunTime:0.000036s ]
INFO: [ app_end ] --END-- [ RunTime:0.000042s ]

[ 2017-11-17T14:11:16+08:00 ] 203.208.60.242 /index/10.html
INFO: [ app_init ] --START--
INFO: Run Behavior\BuildLiteBehavior [ RunTime:0.000007s ]
INFO: [ app_init ] --END-- [ RunTime:0.000052s ]
INFO: [ app_begin ] --START--
INFO: Run Behavior\ReadHtmlCacheBehavior [ RunTime:0.000038s ]
INFO: [ app_begin ] --END-- [ RunTime:0.000050s ]
SQL: SHOW COLUMNS FROM `tpt_navtop` [ RunTime:0.0005s ]
SQL: SELECT * FROM `tpt_navtop` WHERE ( tid = 0 ) ORDER BY sort ASC  [ RunTime:0.0002s ]
SQL: SELECT * FROM `tpt_navtop` WHERE ( tid != 0 ) ORDER BY sort ASC  [ RunTime:0.0001s ]
SQL: SHOW COLUMNS FROM `tpt_article` [ RunTime:0.0004s ]
SQL: SELECT * FROM `tpt_article` WHERE `commend` = 1 AND `open` = 1 ORDER BY id DESC LIMIT 3   [ RunTime:0.0003s ]
SQL: SELECT * FROM `tpt_article` WHERE `choice` = 1 AND `open` = 1 ORDER BY id DESC LIMIT 5   [ RunTime:0.0001s ]
SQL: SHOW COLUMNS FROM `tpt_links` [ RunTime:0.0003s ]
SQL: SELECT * FROM `tpt_links`  [ RunTime:0.0001s ]
SQL: SHOW COLUMNS FROM `tpt_conf` [ RunTime:0.0003s ]
SQL: SELECT * FROM `tpt_conf` WHERE `id` = 1 LIMIT 1   [ RunTime:0.0001s ]
SQL: SHOW COLUMNS FROM `tpt_category` [ RunTime:0.0003s ]
SQL: SELECT * FROM `tpt_category` WHERE ( id = 10 ) LIMIT 1   [ RunTime:0.0001s ]
SQL: SELECT * FROM `tpt_category` WHERE ( id =10 ) LIMIT 1   [ RunTime:0.0001s ]
SQL: SELECT COUNT(*) AS tp_count FROM `tpt_article` WHERE ( tid=10 ) LIMIT 1   [ RunTime:0.0001s ]
SQL: SELECT * FROM `tpt_article` WHERE ( tid=10 ) AND `open` = 1 ORDER BY id DESC LIMIT 0,15   [ RunTime:0.0002s ]
INFO: [ view_parse ] --START--
INFO: [ template_filter ] --START--
INFO: Run Behavior\ContentReplaceBehavior [ RunTime:0.000054s ]
INFO: [ template_filter ] --END-- [ RunTime:0.000068s ]
NOTIC: [8] Undefined index: title /www/wwwroot/tb/Runtime/Cache/Home/b36614b9ff8fc5ba969e810db984e68e.php 第 23 行.
NOTIC: [8] Use of undefined constant commend - assumed 'commend' /www/wwwroot/tb/Runtime/Cache/Home/b36614b9ff8fc5ba969e810db984e68e.php 第 70 行.
NOTIC: [8] Use of undefined constant pic - assumed 'pic' /www/wwwroot/tb/Runtime/Cache/Home/b36614b9ff8fc5ba969e810db984e68e.php 第 75 行.
INFO: Run Behavior\ParseTemplateBehavior [ RunTime:0.005321s ]
INFO: [ view_parse ] --END-- [ RunTime:0.005334s ]
INFO: [ view_filter ] --START--
INFO: Run Behavior\WriteHtmlCacheBehavior [ RunTime:0.000040s ]
INFO: [ view_filter ] --END-- [ RunTime:0.000048s ]
INFO: [ app_end ] --START--
INFO: Run Behavior\ShowPageTraceBehavior [ RunTime:0.000045s ]
INFO: [ app_end ] --END-- [ RunTime:0.000053s ]

[ 2017-11-17T14:12:13+08:00 ] 203.208.60.238 /article/5.html
INFO: [ app_init ] --START--
INFO: Run Behavior\BuildLiteBehavior [ RunTime:0.000006s ]
INFO: [ app_init ] --END-- [ RunTime:0.000041s ]
INFO: [ app_begin ] --START--
INFO: Run Behavior\ReadHtmlCacheBehavior [ RunTime:0.000050s ]
INFO: [ app_begin ] --END-- [ RunTime:0.000061s ]
SQL: SHOW COLUMNS FROM `tpt_navtop` [ RunTime:0.0005s ]
SQL: SELECT * FROM `tpt_navtop` WHERE ( tid = 0 ) ORDER BY sort ASC  [ RunTime:0.0002s ]
SQL: SELECT * FROM `tpt_navtop` WHERE ( tid != 0 ) ORDER BY sort ASC  [ RunTime:0.0001s ]
SQL: SHOW COLUMNS FROM `tpt_article` [ RunTime:0.0003s ]
SQL: SELECT * FROM `tpt_article` WHERE `commend` = 1 AND `open` = 1 ORDER BY id DESC LIMIT 3   [ RunTime:0.0003s ]
SQL: SELECT * FROM `tpt_article` WHERE `choice` = 1 AND `open` = 1 ORDER BY id DESC LIMIT 5   [ RunTime:0.0001s ]
SQL: SHOW COLUMNS FROM `tpt_links` [ RunTime:0.0003s ]
SQL: SELECT * FROM `tpt_links`  [ RunTime:0.0001s ]
SQL: SHOW COLUMNS FROM `tpt_conf` [ RunTime:0.0003s ]
SQL: SELECT * FROM `tpt_conf` WHERE `id` = 1 LIMIT 1   [ RunTime:0.0001s ]
SQL: SELECT * FROM `tpt_article` WHERE ( id = 5 ) AND `open` = 1 LIMIT 1   [ RunTime:0.0001s ]
SQL: UPDATE `tpt_article` SET `view`=view+1 WHERE ( id = 5 ) [ RunTime:0.0049s ]
SQL: SELECT * FROM `tpt_article` WHERE `id` = 5 LIMIT 1   [ RunTime:0.0001s ]
SQL: SHOW COLUMNS FROM `tpt_category` [ RunTime:0.0003s ]
SQL: SELECT * FROM `tpt_category` WHERE ( id = 10 ) LIMIT 1   [ RunTime:0.0001s ]
INFO: [ view_parse ] --START--
INFO: [ template_filter ] --START--
INFO: Run Behavior\ContentReplaceBehavior [ RunTime:0.000060s ]
INFO: [ template_filter ] --END-- [ RunTime:0.000074s ]
NOTIC: [8] Undefined index: title /www/wwwroot/tb/Runtime/Cache/Home/d58be5712d74f334ac386227169db94b.php 第 23 行.
INFO: Run Behavior\ParseTemplateBehavior [ RunTime:0.003633s ]
INFO: [ view_parse ] --END-- [ RunTime:0.003646s ]
INFO: [ view_filter ] --START--
INFO: Run Behavior\WriteHtmlCacheBehavior [ RunTime:0.000052s ]
INFO: [ view_filter ] --END-- [ RunTime:0.000060s ]
INFO: [ app_end ] --START--
INFO: Run Behavior\ShowPageTraceBehavior [ RunTime:0.000035s ]
INFO: [ app_end ] --END-- [ RunTime:0.000042s ]

[ 2017-11-17T14:13:21+08:00 ] 203.208.60.241 /article/4.html
INFO: [ app_init ] --START--
INFO: Run Behavior\BuildLiteBehavior [ RunTime:0.000006s ]
INFO: [ app_init ] --END-- [ RunTime:0.000043s ]
INFO: [ app_begin ] --START--
INFO: Run Behavior\ReadHtmlCacheBehavior [ RunTime:0.000039s ]
INFO: [ app_begin ] --END-- [ RunTime:0.000050s ]
SQL: SHOW COLUMNS FROM `tpt_navtop` [ RunTime:0.0005s ]
SQL: SELECT * FROM `tpt_navtop` WHERE ( tid = 0 ) ORDER BY sort ASC  [ RunTime:0.0002s ]
SQL: SELECT * FROM `tpt_navtop` WHERE ( tid != 0 ) ORDER BY sort ASC  [ RunTime:0.0001s ]
SQL: SHOW COLUMNS FROM `tpt_article` [ RunTime:0.0004s ]
SQL: SELECT * FROM `tpt_article` WHERE `commend` = 1 AND `open` = 1 ORDER BY id DESC LIMIT 3   [ RunTime:0.0003s ]
SQL: SELECT * FROM `tpt_article` WHERE `choice` = 1 AND `open` = 1 ORDER BY id DESC LIMIT 5   [ RunTime:0.0002s ]
SQL: SHOW COLUMNS FROM `tpt_links` [ RunTime:0.0003s ]
SQL: SELECT * FROM `tpt_links`  [ RunTime:0.0001s ]
SQL: SHOW COLUMNS FROM `tpt_conf` [ RunTime:0.0003s ]
SQL: SELECT * FROM `tpt_conf` WHERE `id` = 1 LIMIT 1   [ RunTime:0.0001s ]
SQL: SELECT * FROM `tpt_article` WHERE ( id = 4 ) AND `open` = 1 LIMIT 1   [ RunTime:0.0002s ]
SQL: UPDATE `tpt_article` SET `view`=view+1 WHERE ( id = 4 ) [ RunTime:0.0025s ]
SQL: SELECT * FROM `tpt_article` WHERE `id` = 4 LIMIT 1   [ RunTime:0.0002s ]
SQL: SHOW COLUMNS FROM `tpt_category` [ RunTime:0.0003s ]
SQL: SELECT * FROM `tpt_category` WHERE ( id = 1 ) LIMIT 1   [ RunTime:0.0001s ]
INFO: [ view_parse ] --START--
INFO: [ template_filter ] --START--
INFO: Run Behavior\ContentReplaceBehavior [ RunTime:0.000063s ]
INFO: [ template_filter ] --END-- [ RunTime:0.000077s ]
NOTIC: [8] Undefined index: title /www/wwwroot/tb/Runtime/Cache/Home/d58be5712d74f334ac386227169db94b.php 第 23 行.
INFO: Run Behavior\ParseTemplateBehavior [ RunTime:0.003775s ]
INFO: [ view_parse ] --END-- [ RunTime:0.003790s ]
INFO: [ view_filter ] --START--
INFO: Run Behavior\WriteHtmlCacheBehavior [ RunTime:0.000044s ]
INFO: [ view_filter ] --END-- [ RunTime:0.000051s ]
INFO: [ app_end ] --START--
INFO: Run Behavior\ShowPageTraceBehavior [ RunTime:0.000037s ]
INFO: [ app_end ] --END-- [ RunTime:0.000044s ]

[ 2017-11-17T14:21:52+08:00 ] 203.208.60.240 /index.php?m=Home&c=index&a=category&id=6
INFO: [ app_init ] --START--
INFO: Run Behavior\BuildLiteBehavior [ RunTime:0.000007s ]
INFO: [ app_init ] --END-- [ RunTime:0.000043s ]
INFO: [ app_begin ] --START--
INFO: Run Behavior\ReadHtmlCacheBehavior [ RunTime:0.000039s ]
INFO: [ app_begin ] --END-- [ RunTime:0.000049s ]
SQL: SHOW COLUMNS FROM `tpt_navtop` [ RunTime:0.0004s ]
SQL: SELECT * FROM `tpt_navtop` WHERE ( tid = 0 ) ORDER BY sort ASC  [ RunTime:0.0002s ]
SQL: SELECT * FROM `tpt_navtop` WHERE ( tid != 0 ) ORDER BY sort ASC  [ RunTime:0.0001s ]
SQL: SHOW COLUMNS FROM `tpt_article` [ RunTime:0.0003s ]
SQL: SELECT * FROM `tpt_article` WHERE `commend` = 1 AND `open` = 1 ORDER BY id DESC LIMIT 3   [ RunTime:0.0003s ]
SQL: SELECT * FROM `tpt_article` WHERE `choice` = 1 AND `open` = 1 ORDER BY id DESC LIMIT 5   [ RunTime:0.0001s ]
SQL: SHOW COLUMNS FROM `tpt_links` [ RunTime:0.0003s ]
SQL: SELECT * FROM `tpt_links`  [ RunTime:0.0001s ]
SQL: SHOW COLUMNS FROM `tpt_conf` [ RunTime:0.0003s ]
SQL: SELECT * FROM `tpt_conf` WHERE `id` = 1 LIMIT 1   [ RunTime:0.0001s ]
SQL: SHOW COLUMNS FROM `tpt_category` [ RunTime:0.0003s ]
SQL: SELECT * FROM `tpt_category` WHERE ( id = 6 ) LIMIT 1   [ RunTime:0.0001s ]
INFO: [ view_parse ] --START--
INFO: [ template_filter ] --START--
INFO: Run Behavior\ContentReplaceBehavior [ RunTime:0.000068s ]
INFO: [ template_filter ] --END-- [ RunTime:0.000081s ]
INFO: Run Behavior\ParseTemplateBehavior [ RunTime:0.002736s ]
INFO: [ view_parse ] --END-- [ RunTime:0.002751s ]
INFO: [ view_filter ] --START--
INFO: Run Behavior\WriteHtmlCacheBehavior [ RunTime:0.000045s ]
INFO: [ view_filter ] --END-- [ RunTime:0.000051s ]

[ 2017-11-17T15:23:00+08:00 ] 203.208.60.238 /index.php/tags.html?ks=%E8%87%AA%E5%AE%9A%E4%B9%89
INFO: [ app_init ] --START--
INFO: Run Behavior\BuildLiteBehavior [ RunTime:0.000006s ]
INFO: [ app_init ] --END-- [ RunTime:0.000041s ]
INFO: [ app_begin ] --START--
INFO: Run Behavior\ReadHtmlCacheBehavior [ RunTime:0.000039s ]
INFO: [ app_begin ] --END-- [ RunTime:0.000056s ]
SQL: SHOW COLUMNS FROM `tpt_navtop` [ RunTime:0.0005s ]
SQL: SELECT * FROM `tpt_navtop` WHERE ( tid = 0 ) ORDER BY sort ASC  [ RunTime:0.0002s ]
SQL: SELECT * FROM `tpt_navtop` WHERE ( tid != 0 ) ORDER BY sort ASC  [ RunTime:0.0001s ]
SQL: SHOW COLUMNS FROM `tpt_article` [ RunTime:0.0003s ]
SQL: SELECT * FROM `tpt_article` WHERE `commend` = 1 AND `open` = 1 ORDER BY id DESC LIMIT 3   [ RunTime:0.0003s ]
SQL: SELECT * FROM `tpt_article` WHERE `choice` = 1 AND `open` = 1 ORDER BY id DESC LIMIT 5   [ RunTime:0.0002s ]
SQL: SHOW COLUMNS FROM `tpt_links` [ RunTime:0.0003s ]
SQL: SELECT * FROM `tpt_links`  [ RunTime:0.0001s ]
SQL: SHOW COLUMNS FROM `tpt_conf` [ RunTime:0.0003s ]
SQL: SELECT * FROM `tpt_conf` WHERE `id` = 1 LIMIT 1   [ RunTime:0.0001s ]
SQL: SHOW COLUMNS FROM `tpt_article` [ RunTime:0.0003s ]
SQL: SHOW COLUMNS FROM `tpt_category` [ RunTime:0.0003s ]
SQL: SELECT COUNT(*) AS tp_count FROM tpt_article article LEFT JOIN tpt_category category ON article.tid=category.id LIMIT 1   [ RunTime:0.0002s ]
SQL: SELECT article.id AS id,article.title AS title,article.author AS author,article.view AS view,article.description AS description,article.keywords AS keywords,article.pic AS pic,article.commend AS commend,article.choice AS choice,article.time AS time,article.open AS open,category.name AS name,category.type AS type FROM tpt_article article LEFT JOIN tpt_category category ON article.tid=category.id WHERE ( 1 AND article.keywords LIKE "%自定义%" ) ORDER BY article.id DESC LIMIT 0,15   [ RunTime:0.0002s ]
INFO: [ view_parse ] --START--
INFO: [ template_filter ] --START--
INFO: Run Behavior\ContentReplaceBehavior [ RunTime:0.000055s ]
INFO: [ template_filter ] --END-- [ RunTime:0.000068s ]
NOTIC: [8] Undefined index: title /www/wwwroot/tb/Runtime/Cache/Home/d4879ffe07a4be12f3ff6402ebdb4cbf.php 第 23 行.
INFO: Run Behavior\ParseTemplateBehavior [ RunTime:0.004093s ]
INFO: [ view_parse ] --END-- [ RunTime:0.004108s ]
INFO: [ view_filter ] --START--
INFO: Run Behavior\WriteHtmlCacheBehavior [ RunTime:0.000041s ]
INFO: [ view_filter ] --END-- [ RunTime:0.000049s ]
INFO: [ app_end ] --START--
INFO: Run Behavior\ShowPageTraceBehavior [ RunTime:0.000041s ]
INFO: [ app_end ] --END-- [ RunTime:0.000047s ]

[ 2017-11-17T16:12:54+08:00 ] 140.205.201.31 /index.php?m=member&c=index&a=register&siteid=1
INFO: [ app_init ] --START--
INFO: Run Behavior\BuildLiteBehavior [ RunTime:0.000006s ]
INFO: [ app_init ] --END-- [ RunTime:0.000040s ]
INFO: [ app_begin ] --START--
INFO: Run Behavior\ReadHtmlCacheBehavior [ RunTime:0.000035s ]
INFO: [ app_begin ] --END-- [ RunTime:0.000045s ]
SQL: SHOW COLUMNS FROM `tpt_navtop` [ RunTime:0.0004s ]
SQL: SELECT * FROM `tpt_navtop` WHERE ( tid = 0 ) ORDER BY sort ASC  [ RunTime:0.0002s ]
SQL: SELECT * FROM `tpt_navtop` WHERE ( tid != 0 ) ORDER BY sort ASC  [ RunTime:0.0001s ]
SQL: SHOW COLUMNS FROM `tpt_article` [ RunTime:0.0003s ]
SQL: SELECT * FROM `tpt_article` WHERE `commend` = 1 AND `open` = 1 ORDER BY id DESC LIMIT 3   [ RunTime:0.0002s ]
SQL: SELECT * FROM `tpt_article` WHERE `choice` = 1 AND `open` = 1 ORDER BY id DESC LIMIT 5   [ RunTime:0.0001s ]
SQL: SHOW COLUMNS FROM `tpt_links` [ RunTime:0.0003s ]
SQL: SELECT * FROM `tpt_links`  [ RunTime:0.0001s ]
SQL: SHOW COLUMNS FROM `tpt_conf` [ RunTime:0.0003s ]
SQL: SELECT * FROM `tpt_conf` WHERE `id` = 1 LIMIT 1   [ RunTime:0.0001s ]
ERR: 非法操作:register

[ 2017-11-17T16:13:50+08:00 ] 140.205.201.31 /index.php?m=wap&a=index&siteid=1
INFO: [ app_init ] --START--
INFO: Run Behavior\BuildLiteBehavior [ RunTime:0.000006s ]
INFO: [ app_init ] --END-- [ RunTime:0.000035s ]
INFO: [ app_begin ] --START--
INFO: Run Behavior\ReadHtmlCacheBehavior [ RunTime:0.000031s ]
INFO: [ app_begin ] --END-- [ RunTime:0.000040s ]
SQL: SHOW COLUMNS FROM `tpt_navtop` [ RunTime:0.0005s ]
SQL: SELECT * FROM `tpt_navtop` WHERE ( tid = 0 ) ORDER BY sort ASC  [ RunTime:0.0002s ]
SQL: SELECT * FROM `tpt_navtop` WHERE ( tid != 0 ) ORDER BY sort ASC  [ RunTime:0.0001s ]
SQL: SHOW COLUMNS FROM `tpt_article` [ RunTime:0.0003s ]
SQL: SELECT * FROM `tpt_article` WHERE `commend` = 1 AND `open` = 1 ORDER BY id DESC LIMIT 3   [ RunTime:0.0002s ]
SQL: SELECT * FROM `tpt_article` WHERE `choice` = 1 AND `open` = 1 ORDER BY id DESC LIMIT 5   [ RunTime:0.0001s ]
SQL: SHOW COLUMNS FROM `tpt_links` [ RunTime:0.0003s ]
SQL: SELECT * FROM `tpt_links`  [ RunTime:0.0001s ]
SQL: SHOW COLUMNS FROM `tpt_conf` [ RunTime:0.0003s ]
SQL: SELECT * FROM `tpt_conf` WHERE `id` = 1 LIMIT 1   [ RunTime:0.0001s ]
SQL: SHOW COLUMNS FROM `tpt_banner` [ RunTime:0.0003s ]
SQL: SELECT * FROM `tpt_banner` WHERE `id` = 1 LIMIT 1   [ RunTime:0.0001s ]
SQL: SHOW COLUMNS FROM `tpt_article` [ RunTime:0.0003s ]
SQL: SHOW COLUMNS FROM `tpt_category` [ RunTime:0.0003s ]
SQL: SELECT COUNT(*) AS tp_count FROM tpt_article article LEFT JOIN tpt_category category ON article.tid=category.id LIMIT 1   [ RunTime:0.0001s ]
SQL: SELECT article.id AS id,article.title AS title,article.author AS author,article.view AS view,article.description AS description,article.keywords AS keywords,article.pic AS pic,article.commend AS commend,article.choice AS choice,article.time AS time,article.open AS open,category.name AS name,category.type AS type FROM tpt_article article LEFT JOIN tpt_category category ON article.tid=category.id WHERE article.open = 1 ORDER BY article.id DESC LIMIT 0,15   [ RunTime:0.0002s ]
INFO: [ view_parse ] --START--
INFO: [ template_filter ] --START--
INFO: Run Behavior\ContentReplaceBehavior [ RunTime:0.000063s ]
INFO: [ template_filter ] --END-- [ RunTime:0.000076s ]
NOTIC: [8] Undefined index: title /www/wwwroot/tb/Runtime/Cache/Home/aa448f930e00a2c77d5751c6f186e91a.php 第 23 行.
NOTIC: [8] Use of undefined constant commend - assumed 'commend' /www/wwwroot/tb/Runtime/Cache/Home/aa448f930e00a2c77d5751c6f186e91a.php 第 90 行.
NOTIC: [8] Use of undefined constant pic - assumed 'pic' /www/wwwroot/tb/Runtime/Cache/Home/aa448f930e00a2c77d5751c6f186e91a.php 第 95 行.
NOTIC: [8] Use of undefined constant commend - assumed 'commend' /www/wwwroot/tb/Runtime/Cache/Home/aa448f930e00a2c77d5751c6f186e91a.php 第 90 行.
NOTIC: [8] Use of undefined constant pic - assumed 'pic' /www/wwwroot/tb/Runtime/Cache/Home/aa448f930e00a2c77d5751c6f186e91a.php 第 95 行.
INFO: Run Behavior\ParseTemplateBehavior [ RunTime:0.004070s ]
INFO: [ view_parse ] --END-- [ RunTime:0.004083s ]
INFO: [ view_filter ] --START--
INFO: Run Behavior\WriteHtmlCacheBehavior [ RunTime:0.000042s ]
INFO: [ view_filter ] --END-- [ RunTime:0.000050s ]
INFO: [ app_end ] --START--
INFO: Run Behavior\ShowPageTraceBehavior [ RunTime:0.000035s ]
INFO: [ app_end ] --END-- [ RunTime:0.000042s ]

[ 2017-11-17T16:13:50+08:00 ] 140.205.201.31 /index.php?m=attachment&c=attachments&a=swfupload_json&aid=1&src=%26id=%*27a*nd%20ex*p(~(sele*ct%25*2afro*m(sele*ct+co*nc*at(0x7e,md5(233333),0x7e))x))%23%26m%3D1%26f%3Dtest%26modelid%3D2%26catid%3D6
INFO: [ app_init ] --START--
INFO: Run Behavior\BuildLiteBehavior [ RunTime:0.000004s ]
INFO: [ app_init ] --END-- [ RunTime:0.000028s ]
INFO: [ app_begin ] --START--
INFO: Run Behavior\ReadHtmlCacheBehavior [ RunTime:0.000032s ]
INFO: [ app_begin ] --END-- [ RunTime:0.000040s ]
ERR: 无法加载控制器:Attachments

[ 2017-11-17T19:56:53+08:00 ] 203.208.60.193 /
INFO: [ app_init ] --START--
INFO: Run Behavior\BuildLiteBehavior [ RunTime:0.000005s ]
INFO: [ app_init ] --END-- [ RunTime:0.000043s ]
INFO: [ app_begin ] --START--
INFO: Run Behavior\ReadHtmlCacheBehavior [ RunTime:0.000039s ]
INFO: [ app_begin ] --END-- [ RunTime:0.000049s ]
SQL: SHOW COLUMNS FROM `tpt_navtop` [ RunTime:0.0006s ]
SQL: SELECT * FROM `tpt_navtop` WHERE ( tid = 0 ) ORDER BY sort ASC  [ RunTime:0.0003s ]
SQL: SELECT * FROM `tpt_navtop` WHERE ( tid != 0 ) ORDER BY sort ASC  [ RunTime:0.0001s ]
SQL: SHOW COLUMNS FROM `tpt_article` [ RunTime:0.0004s ]
SQL: SELECT * FROM `tpt_article` WHERE `commend` = 1 AND `open` = 1 ORDER BY id DESC LIMIT 3   [ RunTime:0.0005s ]
SQL: SELECT * FROM `tpt_article` WHERE `choice` = 1 AND `open` = 1 ORDER BY id DESC LIMIT 5   [ RunTime:0.0002s ]
SQL: SHOW COLUMNS FROM `tpt_links` [ RunTime:0.0004s ]
SQL: SELECT * FROM `tpt_links`  [ RunTime:0.0002s ]
SQL: SHOW COLUMNS FROM `tpt_conf` [ RunTime:0.0004s ]
SQL: SELECT * FROM `tpt_conf` WHERE `id` = 1 LIMIT 1   [ RunTime:0.0002s ]
SQL: SHOW COLUMNS FROM `tpt_banner` [ RunTime:0.0004s ]
SQL: SELECT * FROM `tpt_banner` WHERE `id` = 1 LIMIT 1   [ RunTime:0.0002s ]
SQL: SHOW COLUMNS FROM `tpt_article` [ RunTime:0.0003s ]
SQL: SHOW COLUMNS FROM `tpt_category` [ RunTime:0.0004s ]
SQL: SELECT COUNT(*) AS tp_count FROM tpt_article article LEFT JOIN tpt_category category ON article.tid=category.id LIMIT 1   [ RunTime:0.0003s ]
SQL: SELECT article.id AS id,article.title AS title,article.author AS author,article.view AS view,article.description AS description,article.keywords AS keywords,article.pic AS pic,article.commend AS commend,article.choice AS choice,article.time AS time,article.open AS open,category.name AS name,category.type AS type FROM tpt_article article LEFT JOIN tpt_category category ON article.tid=category.id WHERE article.open = 1 ORDER BY article.id DESC LIMIT 0,15   [ RunTime:0.0002s ]
INFO: [ view_parse ] --START--
INFO: [ template_filter ] --START--
INFO: Run Behavior\ContentReplaceBehavior [ RunTime:0.000058s ]
INFO: [ template_filter ] --END-- [ RunTime:0.000072s ]
NOTIC: [8] Undefined index: title /www/wwwroot/tb/Runtime/Cache/Home/aa448f930e00a2c77d5751c6f186e91a.php 第 23 行.
NOTIC: [8] Use of undefined constant commend - assumed 'commend' /www/wwwroot/tb/Runtime/Cache/Home/aa448f930e00a2c77d5751c6f186e91a.php 第 90 行.
NOTIC: [8] Use of undefined constant pic - assumed 'pic' /www/wwwroot/tb/Runtime/Cache/Home/aa448f930e00a2c77d5751c6f186e91a.php 第 95 行.
NOTIC: [8] Use of undefined constant commend - assumed 'commend' /www/wwwroot/tb/Runtime/Cache/Home/aa448f930e00a2c77d5751c6f186e91a.php 第 90 行.
NOTIC: [8] Use of undefined constant pic - assumed 'pic' /www/wwwroot/tb/Runtime/Cache/Home/aa448f930e00a2c77d5751c6f186e91a.php 第 95 行.
INFO: Run Behavior\ParseTemplateBehavior [ RunTime:0.004307s ]
INFO: [ view_parse ] --END-- [ RunTime:0.004320s ]
INFO: [ view_filter ] --START--
INFO: Run Behavior\WriteHtmlCacheBehavior [ RunTime:0.000043s ]
INFO: [ view_filter ] --END-- [ RunTime:0.000051s ]
INFO: [ app_end ] --START--
INFO: Run Behavior\ShowPageTraceBehavior [ RunTime:0.000037s ]
INFO: [ app_end ] --END-- [ RunTime:0.000043s ]

[ 2017-11-17T20:59:40+08:00 ] 203.208.60.241 /
INFO: [ app_init ] --START--
INFO: Run Behavior\BuildLiteBehavior [ RunTime:0.000006s ]
INFO: [ app_init ] --END-- [ RunTime:0.000042s ]
INFO: [ app_begin ] --START--
INFO: Run Behavior\ReadHtmlCacheBehavior [ RunTime:0.000040s ]
INFO: [ app_begin ] --END-- [ RunTime:0.000050s ]
SQL: SHOW COLUMNS FROM `tpt_navtop` [ RunTime:0.0005s ]
SQL: SELECT * FROM `tpt_navtop` WHERE ( tid = 0 ) ORDER BY sort ASC  [ RunTime:0.0002s ]
SQL: SELECT * FROM `tpt_navtop` WHERE ( tid != 0 ) ORDER BY sort ASC  [ RunTime:0.0002s ]
SQL: SHOW COLUMNS FROM `tpt_article` [ RunTime:0.0003s ]
SQL: SELECT * FROM `tpt_article` WHERE `commend` = 1 AND `open` = 1 ORDER BY id DESC LIMIT 3   [ RunTime:0.0003s ]
SQL: SELECT * FROM `tpt_article` WHERE `choice` = 1 AND `open` = 1 ORDER BY id DESC LIMIT 5   [ RunTime:0.0001s ]
SQL: SHOW COLUMNS FROM `tpt_links` [ RunTime:0.0003s ]
SQL: SELECT * FROM `tpt_links`  [ RunTime:0.0001s ]
SQL: SHOW COLUMNS FROM `tpt_conf` [ RunTime:0.0003s ]
SQL: SELECT * FROM `tpt_conf` WHERE `id` = 1 LIMIT 1   [ RunTime:0.0001s ]
SQL: SHOW COLUMNS FROM `tpt_banner` [ RunTime:0.0003s ]
SQL: SELECT * FROM `tpt_banner` WHERE `id` = 1 LIMIT 1   [ RunTime:0.0001s ]
SQL: SHOW COLUMNS FROM `tpt_article` [ RunTime:0.0003s ]
SQL: SHOW COLUMNS FROM `tpt_category` [ RunTime:0.0003s ]
SQL: SELECT COUNT(*) AS tp_count FROM tpt_article article LEFT JOIN tpt_category category ON article.tid=category.id LIMIT 1   [ RunTime:0.0001s ]
SQL: SELECT article.id AS id,article.title AS title,article.author AS author,article.view AS view,article.description AS description,article.keywords AS keywords,article.pic AS pic,article.commend AS commend,article.choice AS choice,article.time AS time,article.open AS open,category.name AS name,category.type AS type FROM tpt_article article LEFT JOIN tpt_category category ON article.tid=category.id WHERE article.open = 1 ORDER BY article.id DESC LIMIT 0,15   [ RunTime:0.0002s ]
INFO: [ view_parse ] --START--
INFO: [ template_filter ] --START--
INFO: Run Behavior\ContentReplaceBehavior [ RunTime:0.000056s ]
INFO: [ template_filter ] --END-- [ RunTime:0.000071s ]
NOTIC: [8] Undefined index: title /www/wwwroot/tb/Runtime/Cache/Home/aa448f930e00a2c77d5751c6f186e91a.php 第 23 行.
NOTIC: [8] Use of undefined constant commend - assumed 'commend' /www/wwwroot/tb/Runtime/Cache/Home/aa448f930e00a2c77d5751c6f186e91a.php 第 90 行.
NOTIC: [8] Use of undefined constant pic - assumed 'pic' /www/wwwroot/tb/Runtime/Cache/Home/aa448f930e00a2c77d5751c6f186e91a.php 第 95 行.
NOTIC: [8] Use of undefined constant commend - assumed 'commend' /www/wwwroot/tb/Runtime/Cache/Home/aa448f930e00a2c77d5751c6f186e91a.php 第 90 行.
NOTIC: [8] Use of undefined constant pic - assumed 'pic' /www/wwwroot/tb/Runtime/Cache/Home/aa448f930e00a2c77d5751c6f186e91a.php 第 95 行.
INFO: Run Behavior\ParseTemplateBehavior [ RunTime:0.004368s ]
INFO: [ view_parse ] --END-- [ RunTime:0.004381s ]
INFO: [ view_filter ] --START--
INFO: Run Behavior\WriteHtmlCacheBehavior [ RunTime:0.000044s ]
INFO: [ view_filter ] --END-- [ RunTime:0.000050s ]
INFO: [ app_end ] --START--
INFO: Run Behavior\ShowPageTraceBehavior [ RunTime:0.000037s ]
INFO: [ app_end ] --END-- [ RunTime:0.000043s ]

[ 2017-11-17T23:37:03+08:00 ] 223.14.182.89 /
INFO: [ app_init ] --START--
INFO: Run Behavior\BuildLiteBehavior [ RunTime:0.000006s ]
INFO: [ app_init ] --END-- [ RunTime:0.000044s ]
INFO: [ app_begin ] --START--
INFO: Run Behavior\ReadHtmlCacheBehavior [ RunTime:0.000038s ]
INFO: [ app_begin ] --END-- [ RunTime:0.000049s ]
SQL: SHOW COLUMNS FROM `tpt_navtop` [ RunTime:0.0005s ]
SQL: SELECT * FROM `tpt_navtop` WHERE ( tid = 0 ) ORDER BY sort ASC  [ RunTime:0.0002s ]
SQL: SELECT * FROM `tpt_navtop` WHERE ( tid != 0 ) ORDER BY sort ASC  [ RunTime:0.0001s ]
SQL: SHOW COLUMNS FROM `tpt_article` [ RunTime:0.0003s ]
SQL: SELECT * FROM `tpt_article` WHERE `commend` = 1 AND `open` = 1 ORDER BY id DESC LIMIT 3   [ RunTime:0.0003s ]
SQL: SELECT * FROM `tpt_article` WHERE `choice` = 1 AND `open` = 1 ORDER BY id DESC LIMIT 5   [ RunTime:0.0001s ]
SQL: SHOW COLUMNS FROM `tpt_links` [ RunTime:0.0003s ]
SQL: SELECT * FROM `tpt_links`  [ RunTime:0.0001s ]
SQL: SHOW COLUMNS FROM `tpt_conf` [ RunTime:0.0003s ]
SQL: SELECT * FROM `tpt_conf` WHERE `id` = 1 LIMIT 1   [ RunTime:0.0001s ]
SQL: SHOW COLUMNS FROM `tpt_banner` [ RunTime:0.0003s ]
SQL: SELECT * FROM `tpt_banner` WHERE `id` = 1 LIMIT 1   [ RunTime:0.0001s ]
SQL: SHOW COLUMNS FROM `tpt_article` [ RunTime:0.0003s ]
SQL: SHOW COLUMNS FROM `tpt_category` [ RunTime:0.0003s ]
SQL: SELECT COUNT(*) AS tp_count FROM tpt_article article LEFT JOIN tpt_category category ON article.tid=category.id LIMIT 1   [ RunTime:0.0002s ]
SQL: SELECT article.id AS id,article.title AS title,article.author AS author,article.view AS view,article.description AS description,article.keywords AS keywords,article.pic AS pic,article.commend AS commend,article.choice AS choice,article.time AS time,article.open AS open,category.name AS name,category.type AS type FROM tpt_article article LEFT JOIN tpt_category category ON article.tid=category.id WHERE article.open = 1 ORDER BY article.id DESC LIMIT 0,15   [ RunTime:0.0002s ]
INFO: [ view_parse ] --START--
INFO: [ template_filter ] --START--
INFO: Run Behavior\ContentReplaceBehavior [ RunTime:0.000055s ]
INFO: [ template_filter ] --END-- [ RunTime:0.000068s ]
NOTIC: [8] Undefined index: title /www/wwwroot/tb/Runtime/Cache/Home/aa448f930e00a2c77d5751c6f186e91a.php 第 23 行.
NOTIC: [8] Use of undefined constant commend - assumed 'commend' /www/wwwroot/tb/Runtime/Cache/Home/aa448f930e00a2c77d5751c6f186e91a.php 第 90 行.
NOTIC: [8] Use of undefined constant pic - assumed 'pic' /www/wwwroot/tb/Runtime/Cache/Home/aa448f930e00a2c77d5751c6f186e91a.php 第 95 行.
NOTIC: [8] Use of undefined constant commend - assumed 'commend' /www/wwwroot/tb/Runtime/Cache/Home/aa448f930e00a2c77d5751c6f186e91a.php 第 90 行.
NOTIC: [8] Use of undefined constant pic - assumed 'pic' /www/wwwroot/tb/Runtime/Cache/Home/aa448f930e00a2c77d5751c6f186e91a.php 第 95 行.
INFO: Run Behavior\ParseTemplateBehavior [ RunTime:0.004334s ]
INFO: [ view_parse ] --END-- [ RunTime:0.004346s ]
INFO: [ view_filter ] --START--
INFO: Run Behavior\WriteHtmlCacheBehavior [ RunTime:0.000043s ]
INFO: [ view_filter ] --END-- [ RunTime:0.000051s ]
INFO: [ app_end ] --START--
INFO: Run Behavior\ShowPageTraceBehavior [ RunTime:0.000038s ]
INFO: [ app_end ] --END-- [ RunTime:0.000044s ]

[ 2017-11-17T23:50:35+08:00 ] 203.208.60.207 /
INFO: [ app_init ] --START--
INFO: Run Behavior\BuildLiteBehavior [ RunTime:0.000006s ]
INFO: [ app_init ] --END-- [ RunTime:0.000043s ]
INFO: [ app_begin ] --START--
INFO: Run Behavior\ReadHtmlCacheBehavior [ RunTime:0.000039s ]
INFO: [ app_begin ] --END-- [ RunTime:0.000049s ]
SQL: SHOW COLUMNS FROM `tpt_navtop` [ RunTime:0.0004s ]
SQL: SELECT * FROM `tpt_navtop` WHERE ( tid = 0 ) ORDER BY sort ASC  [ RunTime:0.0002s ]
SQL: SELECT * FROM `tpt_navtop` WHERE ( tid != 0 ) ORDER BY sort ASC  [ RunTime:0.0002s ]
SQL: SHOW COLUMNS FROM `tpt_article` [ RunTime:0.0003s ]
SQL: SELECT * FROM `tpt_article` WHERE `commend` = 1 AND `open` = 1 ORDER BY id DESC LIMIT 3   [ RunTime:0.0002s ]
SQL: SELECT * FROM `tpt_article` WHERE `choice` = 1 AND `open` = 1 ORDER BY id DESC LIMIT 5   [ RunTime:0.0002s ]
SQL: SHOW COLUMNS FROM `tpt_links` [ RunTime:0.0003s ]
SQL: SELECT * FROM `tpt_links`  [ RunTime:0.0001s ]
SQL: SHOW COLUMNS FROM `tpt_conf` [ RunTime:0.0003s ]
SQL: SELECT * FROM `tpt_conf` WHERE `id` = 1 LIMIT 1   [ RunTime:0.0001s ]
SQL: SHOW COLUMNS FROM `tpt_banner` [ RunTime:0.0003s ]
SQL: SELECT * FROM `tpt_banner` WHERE `id` = 1 LIMIT 1   [ RunTime:0.0001s ]
SQL: SHOW COLUMNS FROM `tpt_article` [ RunTime:0.0003s ]
SQL: SHOW COLUMNS FROM `tpt_category` [ RunTime:0.0003s ]
SQL: SELECT COUNT(*) AS tp_count FROM tpt_article article LEFT JOIN tpt_category category ON article.tid=category.id LIMIT 1   [ RunTime:0.0002s ]
SQL: SELECT article.id AS id,article.title AS title,article.author AS author,article.view AS view,article.description AS description,article.keywords AS keywords,article.pic AS pic,article.commend AS commend,article.choice AS choice,article.time AS time,article.open AS open,category.name AS name,category.type AS type FROM tpt_article article LEFT JOIN tpt_category category ON article.tid=category.id WHERE article.open = 1 ORDER BY article.id DESC LIMIT 0,15   [ RunTime:0.0002s ]
INFO: [ view_parse ] --START--
INFO: [ template_filter ] --START--
INFO: Run Behavior\ContentReplaceBehavior [ RunTime:0.000056s ]
INFO: [ template_filter ] --END-- [ RunTime:0.000069s ]
NOTIC: [8] Undefined index: title /www/wwwroot/tb/Runtime/Cache/Home/aa448f930e00a2c77d5751c6f186e91a.php 第 23 行.
NOTIC: [8] Use of undefined constant commend - assumed 'commend' /www/wwwroot/tb/Runtime/Cache/Home/aa448f930e00a2c77d5751c6f186e91a.php 第 90 行.
NOTIC: [8] Use of undefined constant pic - assumed 'pic' /www/wwwroot/tb/Runtime/Cache/Home/aa448f930e00a2c77d5751c6f186e91a.php 第 95 行.
NOTIC: [8] Use of undefined constant commend - assumed 'commend' /www/wwwroot/tb/Runtime/Cache/Home/aa448f930e00a2c77d5751c6f186e91a.php 第 90 行.
NOTIC: [8] Use of undefined constant pic - assumed 'pic' /www/wwwroot/tb/Runtime/Cache/Home/aa448f930e00a2c77d5751c6f186e91a.php 第 95 行.
INFO: Run Behavior\ParseTemplateBehavior [ RunTime:0.004344s ]
INFO: [ view_parse ] --END-- [ RunTime:0.004357s ]
INFO: [ view_filter ] --START--
INFO: Run Behavior\WriteHtmlCacheBehavior [ RunTime:0.000055s ]
INFO: [ view_filter ] --END-- [ RunTime:0.000062s ]
INFO: [ app_end ] --START--
INFO: Run Behavior\ShowPageTraceBehavior [ RunTime:0.000043s ]
INFO: [ app_end ] --END-- [ RunTime:0.000049s ]

[ 2017-11-17T23:52:05+08:00 ] 203.208.60.233 /index.php/tags.html?ks=%E8%87%AA%E5%AE%9A%E4%B9%89
INFO: [ app_init ] --START--
INFO: Run Behavior\BuildLiteBehavior [ RunTime:0.000006s ]
INFO: [ app_init ] --END-- [ RunTime:0.000042s ]
INFO: [ app_begin ] --START--
INFO: Run Behavior\ReadHtmlCacheBehavior [ RunTime:0.000039s ]
INFO: [ app_begin ] --END-- [ RunTime:0.000049s ]
SQL: SHOW COLUMNS FROM `tpt_navtop` [ RunTime:0.0005s ]
SQL: SELECT * FROM `tpt_navtop` WHERE ( tid = 0 ) ORDER BY sort ASC  [ RunTime:0.0002s ]
SQL: SELECT * FROM `tpt_navtop` WHERE ( tid != 0 ) ORDER BY sort ASC  [ RunTime:0.0001s ]
SQL: SHOW COLUMNS FROM `tpt_article` [ RunTime:0.0004s ]
SQL: SELECT * FROM `tpt_article` WHERE `commend` = 1 AND `open` = 1 ORDER BY id DESC LIMIT 3   [ RunTime:0.0003s ]
SQL: SELECT * FROM `tpt_article` WHERE `choice` = 1 AND `open` = 1 ORDER BY id DESC LIMIT 5   [ RunTime:0.0001s ]
SQL: SHOW COLUMNS FROM `tpt_links` [ RunTime:0.0003s ]
SQL: SELECT * FROM `tpt_links`  [ RunTime:0.0001s ]
SQL: SHOW COLUMNS FROM `tpt_conf` [ RunTime:0.0003s ]
SQL: SELECT * FROM `tpt_conf` WHERE `id` = 1 LIMIT 1   [ RunTime:0.0002s ]
SQL: SHOW COLUMNS FROM `tpt_article` [ RunTime:0.0003s ]
SQL: SHOW COLUMNS FROM `tpt_category` [ RunTime:0.0003s ]
SQL: SELECT COUNT(*) AS tp_count FROM tpt_article article LEFT JOIN tpt_category category ON article.tid=category.id LIMIT 1   [ RunTime:0.0002s ]
SQL: SELECT article.id AS id,article.title AS title,article.author AS author,article.view AS view,article.description AS description,article.keywords AS keywords,article.pic AS pic,article.commend AS commend,article.choice AS choice,article.time AS time,article.open AS open,category.name AS name,category.type AS type FROM tpt_article article LEFT JOIN tpt_category category ON article.tid=category.id WHERE ( 1 AND article.keywords LIKE "%自定义%" ) ORDER BY article.id DESC LIMIT 0,15   [ RunTime:0.0002s ]
INFO: [ view_parse ] --START--
INFO: [ template_filter ] --START--
INFO: Run Behavior\ContentReplaceBehavior [ RunTime:0.000054s ]
INFO: [ template_filter ] --END-- [ RunTime:0.000067s ]
NOTIC: [8] Undefined index: title /www/wwwroot/tb/Runtime/Cache/Home/d4879ffe07a4be12f3ff6402ebdb4cbf.php 第 23 行.
INFO: Run Behavior\ParseTemplateBehavior [ RunTime:0.004198s ]
INFO: [ view_parse ] --END-- [ RunTime:0.004212s ]
INFO: [ view_filter ] --START--
INFO: Run Behavior\WriteHtmlCacheBehavior [ RunTime:0.000044s ]
INFO: [ view_filter ] --END-- [ RunTime:0.000051s ]
INFO: [ app_end ] --START--
INFO: Run Behavior\ShowPageTraceBehavior [ RunTime:0.000037s ]
INFO: [ app_end ] --END-- [ RunTime:0.000044s ]

[ 2017-11-17T23:58:26+08:00 ] 203.208.60.199 /index.php/tags.html?ks=iphone8
INFO: [ app_init ] --START--
INFO: Run Behavior\BuildLiteBehavior [ RunTime:0.000006s ]
INFO: [ app_init ] --END-- [ RunTime:0.000039s ]
INFO: [ app_begin ] --START--
INFO: Run Behavior\ReadHtmlCacheBehavior [ RunTime:0.000036s ]
INFO: [ app_begin ] --END-- [ RunTime:0.000063s ]
SQL: SHOW COLUMNS FROM `tpt_navtop` [ RunTime:0.0005s ]
SQL: SELECT * FROM `tpt_navtop` WHERE ( tid = 0 ) ORDER BY sort ASC  [ RunTime:0.0002s ]
SQL: SELECT * FROM `tpt_navtop` WHERE ( tid != 0 ) ORDER BY sort ASC  [ RunTime:0.0001s ]
SQL: SHOW COLUMNS FROM `tpt_article` [ RunTime:0.0003s ]
SQL: SELECT * FROM `tpt_article` WHERE `commend` = 1 AND `open` = 1 ORDER BY id DESC LIMIT 3   [ RunTime:0.0002s ]
SQL: SELECT * FROM `tpt_article` WHERE `choice` = 1 AND `open` = 1 ORDER BY id DESC LIMIT 5   [ RunTime:0.0001s ]
SQL: SHOW COLUMNS FROM `tpt_links` [ RunTime:0.0003s ]
SQL: SELECT * FROM `tpt_links`  [ RunTime:0.0001s ]
SQL: SHOW COLUMNS FROM `tpt_conf` [ RunTime:0.0003s ]
SQL: SELECT * FROM `tpt_conf` WHERE `id` = 1 LIMIT 1   [ RunTime:0.0001s ]
SQL: SHOW COLUMNS FROM `tpt_article` [ RunTime:0.0003s ]
SQL: SHOW COLUMNS FROM `tpt_category` [ RunTime:0.0003s ]
SQL: SELECT COUNT(*) AS tp_count FROM tpt_article article LEFT JOIN tpt_category category ON article.tid=category.id LIMIT 1   [ RunTime:0.0002s ]
SQL: SELECT article.id AS id,article.title AS title,article.author AS author,article.view AS view,article.description AS description,article.keywords AS keywords,article.pic AS pic,article.commend AS commend,article.choice AS choice,article.time AS time,article.open AS open,category.name AS name,category.type AS type FROM tpt_article article LEFT JOIN tpt_category category ON article.tid=category.id WHERE ( 1 AND article.keywords LIKE "%iphone8%" ) ORDER BY article.id DESC LIMIT 0,15   [ RunTime:0.0002s ]
INFO: [ view_parse ] --START--
INFO: [ template_filter ] --START--
INFO: Run Behavior\ContentReplaceBehavior [ RunTime:0.000053s ]
INFO: [ template_filter ] --END-- [ RunTime:0.000066s ]
NOTIC: [8] Undefined index: title /www/wwwroot/tb/Runtime/Cache/Home/d4879ffe07a4be12f3ff6402ebdb4cbf.php 第 23 行.
INFO: Run Behavior\ParseTemplateBehavior [ RunTime:0.003885s ]
INFO: [ view_parse ] --END-- [ RunTime:0.003898s ]
INFO: [ view_filter ] --START--
INFO: Run Behavior\WriteHtmlCacheBehavior [ RunTime:0.000042s ]
INFO: [ view_filter ] --END-- [ RunTime:0.000048s ]
INFO: [ app_end ] --START--
INFO: Run Behavior\ShowPageTraceBehavior [ RunTime:0.000035s ]
INFO: [ app_end ] --END-- [ RunTime:0.000041s ]

[ 2017-11-17T23:59:30+08:00 ] 203.208.60.217 /index.php/tags.html?ks=%E7%BB%BC%E8%89%BA
INFO: [ app_init ] --START--
INFO: Run Behavior\BuildLiteBehavior [ RunTime:0.000006s ]
INFO: [ app_init ] --END-- [ RunTime:0.000041s ]
INFO: [ app_begin ] --START--
INFO: Run Behavior\ReadHtmlCacheBehavior [ RunTime:0.000040s ]
INFO: [ app_begin ] --END-- [ RunTime:0.000051s ]
SQL: SHOW COLUMNS FROM `tpt_navtop` [ RunTime:0.0004s ]
SQL: SELECT * FROM `tpt_navtop` WHERE ( tid = 0 ) ORDER BY sort ASC  [ RunTime:0.0002s ]
SQL: SELECT * FROM `tpt_navtop` WHERE ( tid != 0 ) ORDER BY sort ASC  [ RunTime:0.0001s ]
SQL: SHOW COLUMNS FROM `tpt_article` [ RunTime:0.0003s ]
SQL: SELECT * FROM `tpt_article` WHERE `commend` = 1 AND `open` = 1 ORDER BY id DESC LIMIT 3   [ RunTime:0.0003s ]
SQL: SELECT * FROM `tpt_article` WHERE `choice` = 1 AND `open` = 1 ORDER BY id DESC LIMIT 5   [ RunTime:0.0001s ]
SQL: SHOW COLUMNS FROM `tpt_links` [ RunTime:0.0003s ]
SQL: SELECT * FROM `tpt_links`  [ RunTime:0.0001s ]
SQL: SHOW COLUMNS FROM `tpt_conf` [ RunTime:0.0003s ]
SQL: SELECT * FROM `tpt_conf` WHERE `id` = 1 LIMIT 1   [ RunTime:0.0001s ]
SQL: SHOW COLUMNS FROM `tpt_article` [ RunTime:0.0004s ]
SQL: SHOW COLUMNS FROM `tpt_category` [ RunTime:0.0003s ]
SQL: SELECT COUNT(*) AS tp_count FROM tpt_article article LEFT JOIN tpt_category category ON article.tid=category.id LIMIT 1   [ RunTime:0.0002s ]
SQL: SELECT article.id AS id,article.title AS title,article.author AS author,article.view AS view,article.description AS description,article.keywords AS keywords,article.pic AS pic,article.commend AS commend,article.choice AS choice,article.time AS time,article.open AS open,category.name AS name,category.type AS type FROM tpt_article article LEFT JOIN tpt_category category ON article.tid=category.id WHERE ( 1 AND article.keywords LIKE "%综艺%" ) ORDER BY article.id DESC LIMIT 0,15   [ RunTime:0.0002s ]
INFO: [ view_parse ] --START--
INFO: [ template_filter ] --START--
INFO: Run Behavior\ContentReplaceBehavior [ RunTime:0.000054s ]
INFO: [ template_filter ] --END-- [ RunTime:0.000067s ]
NOTIC: [8] Undefined index: title /www/wwwroot/tb/Runtime/Cache/Home/d4879ffe07a4be12f3ff6402ebdb4cbf.php 第 23 行.
INFO: Run Behavior\ParseTemplateBehavior [ RunTime:0.004168s ]
INFO: [ view_parse ] --END-- [ RunTime:0.004183s ]
INFO: [ view_filter ] --START--
INFO: Run Behavior\WriteHtmlCacheBehavior [ RunTime:0.000045s ]
INFO: [ view_filter ] --END-- [ RunTime:0.000051s ]
INFO: [ app_end ] --START--
INFO: Run Behavior\ShowPageTraceBehavior [ RunTime:0.000037s ]
INFO: [ app_end ] --END-- [ RunTime:0.000043s ]

